-------------------------------------------------------------------------------
Test set: com.info.tp6.banco.BancoApplicationTests
-------------------------------------------------------------------------------
Tests run: 1, Failures: 0, Errors: 1, Skipped: 0, Time elapsed: 9.765 s <<< FAILURE! - in com.info.tp6.banco.BancoApplicationTests
contextLoads(com.info.tp6.banco.BancoApplicationTests)  Time elapsed: 0 s  <<< ERROR!
java.lang.IllegalStateException: Failed to load ApplicationContext
Caused by: org.springframework.beans.factory.UnsatisfiedDependencyException: 
Error creating bean with name 'inMemoryDatabaseShutdownExecutor' defined in class path resource [org/springframework/boot/devtools/autoconfigure/DevToolsDataSourceAutoConfiguration.class]: Unsatisfied dependency expressed through method 'inMemoryDatabaseShutdownExecutor' parameter 0; nested exception is org.springframework.beans.factory.BeanCreationException: Error creating bean with name 'dataSource' defined in class path resource [org/springframework/boot/autoconfigure/jdbc/DataSourceConfiguration$Hikari.class]: Initialization of bean failed; nested exception is org.springframework.beans.factory.BeanCreationException: Error creating bean with name 'org.springframework.boot.autoconfigure.jdbc.DataSourceInitializerInvoker': Invocation of init method failed; nested exception is org.springframework.jdbc.datasource.init.ScriptStatementFailedException: Failed to execute SQL script statement #1 of URL [file:/D:/Programacion/JAVA/Informatorio/Tp6/banco/banco/target/classes/data.sql]: INSERT INTO Banco(id_banco, nombre, pais, domicilio) VALUE(1,'Tenemos tu Dinerillo', 'Argentina', 'Hernandaria 789'); nested exception is org.h2.jdbc.JdbcSQLException: Error de Sintaxis en sentencia SQL "INSERT INTO BANCO(ID_BANCO, NOMBRE, PAIS, DOMICILIO) VALUE[*](1,'Tenemos tu Dinerillo', 'Argentina', 'Hernandaria 789') "; se esperaba "DIRECT, SORTED, DEFAULT, VALUES, SET, (, WITH, SELECT, FROM"
Syntax error in SQL statement "INSERT INTO BANCO(ID_BANCO, NOMBRE, PAIS, DOMICILIO) VALUE[*](1,'Tenemos tu Dinerillo', 'Argentina', 'Hernandaria 789') "; expected "DIRECT, SORTED, DEFAULT, VALUES, SET, (, WITH, SELECT, FROM"; SQL statement:
INSERT INTO Banco(id_banco, nombre, pais, domicilio) VALUE(1,'Tenemos tu Dinerillo', 'Argentina', 'Hernandaria 789') [42001-197]
Caused by: org.springframework.beans.factory.BeanCreationException: 
Error creating bean with name 'dataSource' defined in class path resource [org/springframework/boot/autoconfigure/jdbc/DataSourceConfiguration$Hikari.class]: Initialization of bean failed; nested exception is org.springframework.beans.factory.BeanCreationException: Error creating bean with name 'org.springframework.boot.autoconfigure.jdbc.DataSourceInitializerInvoker': Invocation of init method failed; nested exception is org.springframework.jdbc.datasource.init.ScriptStatementFailedException: Failed to execute SQL script statement #1 of URL [file:/D:/Programacion/JAVA/Informatorio/Tp6/banco/banco/target/classes/data.sql]: INSERT INTO Banco(id_banco, nombre, pais, domicilio) VALUE(1,'Tenemos tu Dinerillo', 'Argentina', 'Hernandaria 789'); nested exception is org.h2.jdbc.JdbcSQLException: Error de Sintaxis en sentencia SQL "INSERT INTO BANCO(ID_BANCO, NOMBRE, PAIS, DOMICILIO) VALUE[*](1,'Tenemos tu Dinerillo', 'Argentina', 'Hernandaria 789') "; se esperaba "DIRECT, SORTED, DEFAULT, VALUES, SET, (, WITH, SELECT, FROM"
Syntax error in SQL statement "INSERT INTO BANCO(ID_BANCO, NOMBRE, PAIS, DOMICILIO) VALUE[*](1,'Tenemos tu Dinerillo', 'Argentina', 'Hernandaria 789') "; expected "DIRECT, SORTED, DEFAULT, VALUES, SET, (, WITH, SELECT, FROM"; SQL statement:
INSERT INTO Banco(id_banco, nombre, pais, domicilio) VALUE(1,'Tenemos tu Dinerillo', 'Argentina', 'Hernandaria 789') [42001-197]
Caused by: org.springframework.beans.factory.BeanCreationException: 
Error creating bean with name 'org.springframework.boot.autoconfigure.jdbc.DataSourceInitializerInvoker': Invocation of init method failed; nested exception is org.springframework.jdbc.datasource.init.ScriptStatementFailedException: Failed to execute SQL script statement #1 of URL [file:/D:/Programacion/JAVA/Informatorio/Tp6/banco/banco/target/classes/data.sql]: INSERT INTO Banco(id_banco, nombre, pais, domicilio) VALUE(1,'Tenemos tu Dinerillo', 'Argentina', 'Hernandaria 789'); nested exception is org.h2.jdbc.JdbcSQLException: Error de Sintaxis en sentencia SQL "INSERT INTO BANCO(ID_BANCO, NOMBRE, PAIS, DOMICILIO) VALUE[*](1,'Tenemos tu Dinerillo', 'Argentina', 'Hernandaria 789') "; se esperaba "DIRECT, SORTED, DEFAULT, VALUES, SET, (, WITH, SELECT, FROM"
Syntax error in SQL statement "INSERT INTO BANCO(ID_BANCO, NOMBRE, PAIS, DOMICILIO) VALUE[*](1,'Tenemos tu Dinerillo', 'Argentina', 'Hernandaria 789') "; expected "DIRECT, SORTED, DEFAULT, VALUES, SET, (, WITH, SELECT, FROM"; SQL statement:
INSERT INTO Banco(id_banco, nombre, pais, domicilio) VALUE(1,'Tenemos tu Dinerillo', 'Argentina', 'Hernandaria 789') [42001-197]
Caused by: org.springframework.jdbc.datasource.init.ScriptStatementFailedException: 
Failed to execute SQL script statement #1 of URL [file:/D:/Programacion/JAVA/Informatorio/Tp6/banco/banco/target/classes/data.sql]: INSERT INTO Banco(id_banco, nombre, pais, domicilio) VALUE(1,'Tenemos tu Dinerillo', 'Argentina', 'Hernandaria 789'); nested exception is org.h2.jdbc.JdbcSQLException: Error de Sintaxis en sentencia SQL "INSERT INTO BANCO(ID_BANCO, NOMBRE, PAIS, DOMICILIO) VALUE[*](1,'Tenemos tu Dinerillo', 'Argentina', 'Hernandaria 789') "; se esperaba "DIRECT, SORTED, DEFAULT, VALUES, SET, (, WITH, SELECT, FROM"
Syntax error in SQL statement "INSERT INTO BANCO(ID_BANCO, NOMBRE, PAIS, DOMICILIO) VALUE[*](1,'Tenemos tu Dinerillo', 'Argentina', 'Hernandaria 789') "; expected "DIRECT, SORTED, DEFAULT, VALUES, SET, (, WITH, SELECT, FROM"; SQL statement:
INSERT INTO Banco(id_banco, nombre, pais, domicilio) VALUE(1,'Tenemos tu Dinerillo', 'Argentina', 'Hernandaria 789') [42001-197]
Caused by: org.h2.jdbc.JdbcSQLException: 
Error de Sintaxis en sentencia SQL "INSERT INTO BANCO(ID_BANCO, NOMBRE, PAIS, DOMICILIO) VALUE[*](1,'Tenemos tu Dinerillo', 'Argentina', 'Hernandaria 789') "; se esperaba "DIRECT, SORTED, DEFAULT, VALUES, SET, (, WITH, SELECT, FROM"
Syntax error in SQL statement "INSERT INTO BANCO(ID_BANCO, NOMBRE, PAIS, DOMICILIO) VALUE[*](1,'Tenemos tu Dinerillo', 'Argentina', 'Hernandaria 789') "; expected "DIRECT, SORTED, DEFAULT, VALUES, SET, (, WITH, SELECT, FROM"; SQL statement:
INSERT INTO Banco(id_banco, nombre, pais, domicilio) VALUE(1,'Tenemos tu Dinerillo', 'Argentina', 'Hernandaria 789') [42001-197]

