<?xml version="1.0" encoding="UTF-8"?>
<testsuite xmlns:xsi="http://www.w3.org/2001/XMLSchema-instance" xsi:noNamespaceSchemaLocation="https://maven.apache.org/surefire/maven-surefire-plugin/xsd/surefire-test-report.xsd" name="com.info.tp6.banco.BancoApplicationTests" time="9.765" tests="1" errors="1" skipped="0" failures="0">
  <properties>
[...]
</properties>
  <testcase name="contextLoads" classname="com.info.tp6.banco.BancoApplicationTests" time="0">
    <error message="Failed to load ApplicationContext" type="java.lang.IllegalStateException">java.lang.IllegalStateException: Failed to load ApplicationContext
Caused by: org.springframework.beans.factory.UnsatisfiedDependencyException: 
Error creating bean with name 'inMemoryDatabaseShutdownExecutor' defined in class path resource [org/springframework/boot/devtools/autoconfigure/DevToolsDataSourceAutoConfiguration.class]: Unsatisfied dependency expressed through method 'inMemoryDatabaseShutdownExecutor' parameter 0; nested exception is org.springframework.beans.factory.BeanCreationException: Error creating bean with name 'dataSource' defined in class path resource [org/springframework/boot/autoconfigure/jdbc/DataSourceConfiguration$Hikari.class]: Initialization of bean failed; nested exception is org.springframework.beans.factory.BeanCreationException: Error creating bean with name 'org.springframework.boot.autoconfigure.jdbc.DataSourceInitializerInvoker': Invocation of init method failed; nested exception is org.springframework.jdbc.datasource.init.ScriptStatementFailedException: Failed to execute SQL script statement #1 of URL [file:/D:/Programacion/JAVA/Informatorio/Tp6/banco/banco/target/classes/data.sql]: INSERT INTO Banco(id_banco, nombre, pais, domicilio) VALUE(1,'Tenemos tu Dinerillo', 'Argentina', 'Hernandaria 789'); nested exception is org.h2.jdbc.JdbcSQLException: Error de Sintaxis en sentencia SQL "INSERT INTO BANCO(ID_BANCO, NOMBRE, PAIS, DOMICILIO) VALUE[*](1,'Tenemos tu Dinerillo', 'Argentina', 'Hernandaria 789') "; se esperaba "DIRECT, SORTED, DEFAULT, VALUES, SET, (, WITH, SELECT, FROM"
Syntax error in SQL statement "INSERT INTO BANCO(ID_BANCO, NOMBRE, PAIS, DOMICILIO) VALUE[*](1,'Tenemos tu Dinerillo', 'Argentina', 'Hernandaria 789') "; expected "DIRECT, SORTED, DEFAULT, VALUES, SET, (, WITH, SELECT, FROM"; SQL statement:
INSERT INTO Banco(id_banco, nombre, pais, domicilio) VALUE(1,'Tenemos tu Dinerillo', 'Argentina', 'Hernandaria 789') [42001-197]
Caused by: org.springframework.beans.factory.BeanCreationException: 
Error creating bean with name 'dataSource' defined in class path resource [org/springframework/boot/autoconfigure/jdbc/DataSourceConfiguration$Hikari.class]: Initialization of bean failed; nested exception is org.springframework.beans.factory.BeanCreationException: Error creating bean with name 'org.springframework.boot.autoconfigure.jdbc.DataSourceInitializerInvoker': Invocation of init method failed; nested exception is org.springframework.jdbc.datasource.init.ScriptStatementFailedException: Failed to execute SQL script statement #1 of URL [file:/D:/Programacion/JAVA/Informatorio/Tp6/banco/banco/target/classes/data.sql]: INSERT INTO Banco(id_banco, nombre, pais, domicilio) VALUE(1,'Tenemos tu Dinerillo', 'Argentina', 'Hernandaria 789'); nested exception is org.h2.jdbc.JdbcSQLException: Error de Sintaxis en sentencia SQL "INSERT INTO BANCO(ID_BANCO, NOMBRE, PAIS, DOMICILIO) VALUE[*](1,'Tenemos tu Dinerillo', 'Argentina', 'Hernandaria 789') "; se esperaba "DIRECT, SORTED, DEFAULT, VALUES, SET, (, WITH, SELECT, FROM"
Syntax error in SQL statement "INSERT INTO BANCO(ID_BANCO, NOMBRE, PAIS, DOMICILIO) VALUE[*](1,'Tenemos tu Dinerillo', 'Argentina', 'Hernandaria 789') "; expected "DIRECT, SORTED, DEFAULT, VALUES, SET, (, WITH, SELECT, FROM"; SQL statement:
INSERT INTO Banco(id_banco, nombre, pais, domicilio) VALUE(1,'Tenemos tu Dinerillo', 'Argentina', 'Hernandaria 789') [42001-197]
Caused by: org.springframework.beans.factory.BeanCreationException: 
Error creating bean with name 'org.springframework.boot.autoconfigure.jdbc.DataSourceInitializerInvoker': Invocation of init method failed; nested exception is org.springframework.jdbc.datasource.init.ScriptStatementFailedException: Failed to execute SQL script statement #1 of URL [file:/D:/Programacion/JAVA/Informatorio/Tp6/banco/banco/target/classes/data.sql]: INSERT INTO Banco(id_banco, nombre, pais, domicilio) VALUE(1,'Tenemos tu Dinerillo', 'Argentina', 'Hernandaria 789'); nested exception is org.h2.jdbc.JdbcSQLException: Error de Sintaxis en sentencia SQL "INSERT INTO BANCO(ID_BANCO, NOMBRE, PAIS, DOMICILIO) VALUE[*](1,'Tenemos tu Dinerillo', 'Argentina', 'Hernandaria 789') "; se esperaba "DIRECT, SORTED, DEFAULT, VALUES, SET, (, WITH, SELECT, FROM"
Syntax error in SQL statement "INSERT INTO BANCO(ID_BANCO, NOMBRE, PAIS, DOMICILIO) VALUE[*](1,'Tenemos tu Dinerillo', 'Argentina', 'Hernandaria 789') "; expected "DIRECT, SORTED, DEFAULT, VALUES, SET, (, WITH, SELECT, FROM"; SQL statement:
INSERT INTO Banco(id_banco, nombre, pais, domicilio) VALUE(1,'Tenemos tu Dinerillo', 'Argentina', 'Hernandaria 789') [42001-197]
Caused by: org.springframework.jdbc.datasource.init.ScriptStatementFailedException: 
Failed to execute SQL script statement #1 of URL [file:/D:/Programacion/JAVA/Informatorio/Tp6/banco/banco/target/classes/data.sql]: INSERT INTO Banco(id_banco, nombre, pais, domicilio) VALUE(1,'Tenemos tu Dinerillo', 'Argentina', 'Hernandaria 789'); nested exception is org.h2.jdbc.JdbcSQLException: Error de Sintaxis en sentencia SQL "INSERT INTO BANCO(ID_BANCO, NOMBRE, PAIS, DOMICILIO) VALUE[*](1,'Tenemos tu Dinerillo', 'Argentina', 'Hernandaria 789') "; se esperaba "DIRECT, SORTED, DEFAULT, VALUES, SET, (, WITH, SELECT, FROM"
Syntax error in SQL statement "INSERT INTO BANCO(ID_BANCO, NOMBRE, PAIS, DOMICILIO) VALUE[*](1,'Tenemos tu Dinerillo', 'Argentina', 'Hernandaria 789') "; expected "DIRECT, SORTED, DEFAULT, VALUES, SET, (, WITH, SELECT, FROM"; SQL statement:
INSERT INTO Banco(id_banco, nombre, pais, domicilio) VALUE(1,'Tenemos tu Dinerillo', 'Argentina', 'Hernandaria 789') [42001-197]
Caused by: org.h2.jdbc.JdbcSQLException: 
Error de Sintaxis en sentencia SQL "INSERT INTO BANCO(ID_BANCO, NOMBRE, PAIS, DOMICILIO) VALUE[*](1,'Tenemos tu Dinerillo', 'Argentina', 'Hernandaria 789') "; se esperaba "DIRECT, SORTED, DEFAULT, VALUES, SET, (, WITH, SELECT, FROM"
Syntax error in SQL statement "INSERT INTO BANCO(ID_BANCO, NOMBRE, PAIS, DOMICILIO) VALUE[*](1,'Tenemos tu Dinerillo', 'Argentina', 'Hernandaria 789') "; expected "DIRECT, SORTED, DEFAULT, VALUES, SET, (, WITH, SELECT, FROM"; SQL statement:
INSERT INTO Banco(id_banco, nombre, pais, domicilio) VALUE(1,'Tenemos tu Dinerillo', 'Argentina', 'Hernandaria 789') [42001-197]
</error>
    <system-out><![CDATA[22:32:53.214 [main] DEBUG org.springframework.test.context.junit4.SpringJUnit4ClassRunner - SpringJUnit4ClassRunner constructor called with [class com.info.tp6.banco.BancoApplicationTests]
22:32:53.246 [main] DEBUG org.springframework.test.context.BootstrapUtils - Instantiating CacheAwareContextLoaderDelegate from class [org.springframework.test.context.cache.DefaultCacheAwareContextLoaderDelegate]
22:32:53.261 [main] DEBUG org.springframework.test.context.BootstrapUtils - Instantiating BootstrapContext using constructor [public org.springframework.test.context.support.DefaultBootstrapContext(java.lang.Class,org.springframework.test.context.CacheAwareContextLoaderDelegate)]
22:32:53.339 [main] DEBUG org.springframework.test.context.BootstrapUtils - Instantiating TestContextBootstrapper for test class [com.info.tp6.banco.BancoApplicationTests] from class [org.springframework.boot.test.context.SpringBootTestContextBootstrapper]
22:32:53.386 [main] INFO org.springframework.boot.test.context.SpringBootTestContextBootstrapper - Neither @ContextConfiguration nor @ContextHierarchy found for test class [com.info.tp6.banco.BancoApplicationTests], using SpringBootContextLoader
22:32:53.386 [main] DEBUG org.springframework.test.context.support.AbstractContextLoader - Did not detect default resource location for test class [com.info.tp6.banco.BancoApplicationTests]: class path resource [com/info/tp6/banco/BancoApplicationTests-context.xml] does not exist
22:32:53.402 [main] DEBUG org.springframework.test.context.support.AbstractContextLoader - Did not detect default resource location for test class [com.info.tp6.banco.BancoApplicationTests]: class path resource [com/info/tp6/banco/BancoApplicationTestsContext.groovy] does not exist
22:32:53.402 [main] INFO org.springframework.test.context.support.AbstractContextLoader - Could not detect default resource locations for test class [com.info.tp6.banco.BancoApplicationTests]: no resource found for suffixes {-context.xml, Context.groovy}.
22:32:53.402 [main] INFO org.springframework.test.context.support.AnnotationConfigContextLoaderUtils - Could not detect default configuration classes for test class [com.info.tp6.banco.BancoApplicationTests]: BancoApplicationTests does not declare any static, non-private, non-final, nested classes annotated with @Configuration.
22:32:53.574 [main] DEBUG org.springframework.test.context.support.ActiveProfilesUtils - Could not find an 'annotation declaring class' for annotation type [org.springframework.test.context.ActiveProfiles] and class [com.info.tp6.banco.BancoApplicationTests]
22:32:53.605 [main] DEBUG org.springframework.core.env.StandardEnvironment - Adding PropertySource 'systemProperties' with lowest search precedence
22:32:53.605 [main] DEBUG org.springframework.core.env.StandardEnvironment - Adding PropertySource 'systemEnvironment' with lowest search precedence
22:32:53.605 [main] DEBUG org.springframework.core.env.StandardEnvironment - Initialized StandardEnvironment with PropertySources [MapPropertySource@1239548589 {name='systemProperties', properties={java.runtime.name=Java(TM) SE Runtime Environment, sun.boot.library.path=C:\Program Files\Java\jdk1.8.0_161\jre\bin, java.vm.version=25.161-b12, java.vm.vendor=Oracle Corporation, java.vendor.url=http://java.oracle.com/, path.separator=;, java.vm.name=Java HotSpot(TM) 64-Bit Server VM, file.encoding.pkg=sun.io, user.country=ES, user.script=, sun.java.launcher=SUN_STANDARD, sun.os.patch.level=, java.vm.specification.name=Java Virtual Machine Specification, user.dir=D:\Programacion\JAVA\Informatorio\Tp6\banco\banco, java.runtime.version=1.8.0_161-b12, basedir=D:\Programacion\JAVA\Informatorio\Tp6\banco\banco, java.awt.graphicsenv=sun.awt.Win32GraphicsEnvironment, java.endorsed.dirs=C:\Program Files\Java\jdk1.8.0_161\jre\lib\endorsed, os.arch=amd64, surefire.real.class.path=C:\Users\Amadeo\AppData\Local\Temp\surefire5383766252962187626\surefirebooter5282869594831516707.jar, java.io.tmpdir=C:\Users\Amadeo\AppData\Local\Temp\, line.separator=
, java.vm.specification.vendor=Oracle Corporation, user.variant=, os.name=Windows 10, maven.ext.class.path=C:\Program Files\NetBeans 8.2\java\maven-nblib\netbeans-eventspy.jar, sun.jnu.encoding=Cp1252, java.library.path=C:\Program Files\Java\jdk1.8.0_161\jre\bin;C:\WINDOWS\Sun\Java\bin;C:\WINDOWS\system32;C:\WINDOWS;C:\Python36\Scripts\;C:\Python36\;C:\Program Files (x86)\Common Files\Oracle\Java\javapath;C:\ProgramData\Oracle\Java\javapath;C:\WINDOWS\system32;C:\WINDOWS;C:\WINDOWS\System32\Wbem;C:\WINDOWS\System32\WindowsPowerShell\v1.0\;C:\Program Files\Microsoft SQL Server\130\Tools\Binn\;C:\Program Files\Java\jdk1.8.0_161\bin;C:\WINDOWS\System32\OpenSSH\;D:\PROGRAMACION\AUTOMATION\maven\apache-maven-3.5.4\bin;C:\Program Files\Git\cmd;C:\Python\Scripts\;C:\Python\;C:\Users\Amadeo\AppData\Local\Microsoft\WindowsApps;C:\Program Files\Java\jdk-8.bin;;., surefire.test.class.path=D:\Programacion\JAVA\Informatorio\Tp6\banco\banco\target\test-classes;D:\Programacion\JAVA\Informatorio\Tp6\banco\banco\target\classes;C:\Users\Amadeo\.m2\repository\org\springframework\boot\spring-boot-starter-data-jpa\2.0.5.RELEASE\spring-boot-starter-data-jpa-2.0.5.RELEASE.jar;C:\Users\Amadeo\.m2\repository\org\springframework\boot\spring-boot-starter\2.0.5.RELEASE\spring-boot-starter-2.0.5.RELEASE.jar;C:\Users\Amadeo\.m2\repository\org\springframework\boot\spring-boot-starter-logging\2.0.5.RELEASE\spring-boot-starter-logging-2.0.5.RELEASE.jar;C:\Users\Amadeo\.m2\repository\ch\qos\logback\logback-classic\1.2.3\logback-classic-1.2.3.jar;C:\Users\Amadeo\.m2\repository\ch\qos\logback\logback-core\1.2.3\logback-core-1.2.3.jar;C:\Users\Amadeo\.m2\repository\org\apache\logging\log4j\log4j-to-slf4j\2.10.0\log4j-to-slf4j-2.10.0.jar;C:\Users\Amadeo\.m2\repository\org\apache\logging\log4j\log4j-api\2.10.0\log4j-api-2.10.0.jar;C:\Users\Amadeo\.m2\repository\org\slf4j\jul-to-slf4j\1.7.25\jul-to-slf4j-1.7.25.jar;C:\Users\Amadeo\.m2\repository\javax\annotation\javax.annotation-api\1.3.2\javax.annotation-api-1.3.2.jar;C:\Users\Amadeo\.m2\repository\org\yaml\snakeyaml\1.19\snakeyaml-1.19.jar;C:\Users\Amadeo\.m2\repository\org\springframework\boot\spring-boot-starter-aop\2.0.5.RELEASE\spring-boot-starter-aop-2.0.5.RELEASE.jar;C:\Users\Amadeo\.m2\repository\org\springframework\spring-aop\5.0.9.RELEASE\spring-aop-5.0.9.RELEASE.jar;C:\Users\Amadeo\.m2\repository\org\aspectj\aspectjweaver\1.8.13\aspectjweaver-1.8.13.jar;C:\Users\Amadeo\.m2\repository\org\springframework\boot\spring-boot-starter-jdbc\2.0.5.RELEASE\spring-boot-starter-jdbc-2.0.5.RELEASE.jar;C:\Users\Amadeo\.m2\repository\com\zaxxer\HikariCP\2.7.9\HikariCP-2.7.9.jar;C:\Users\Amadeo\.m2\repository\org\springframework\spring-jdbc\5.0.9.RELEASE\spring-jdbc-5.0.9.RELEASE.jar;C:\Users\Amadeo\.m2\repository\javax\transaction\javax.transaction-api\1.2\javax.transaction-api-1.2.jar;C:\Users\Amadeo\.m2\repository\org\hibernate\hibernate-core\5.2.17.Final\hibernate-core-5.2.17.Final.jar;C:\Users\Amadeo\.m2\repository\org\jboss\logging\jboss-logging\3.3.2.Final\jboss-logging-3.3.2.Final.jar;C:\Users\Amadeo\.m2\repository\org\hibernate\javax\persistence\hibernate-jpa-2.1-api\1.0.2.Final\hibernate-jpa-2.1-api-1.0.2.Final.jar;C:\Users\Amadeo\.m2\repository\org\javassist\javassist\3.22.0-GA\javassist-3.22.0-GA.jar;C:\Users\Amadeo\.m2\repository\antlr\antlr\2.7.7\antlr-2.7.7.jar;C:\Users\Amadeo\.m2\repository\org\jboss\jandex\2.0.3.Final\jandex-2.0.3.Final.jar;C:\Users\Amadeo\.m2\repository\com\fasterxml\classmate\1.3.4\classmate-1.3.4.jar;C:\Users\Amadeo\.m2\repository\dom4j\dom4j\1.6.1\dom4j-1.6.1.jar;C:\Users\Amadeo\.m2\repository\org\hibernate\common\hibernate-commons-annotations\5.0.1.Final\hibernate-commons-annotations-5.0.1.Final.jar;C:\Users\Amadeo\.m2\repository\org\springframework\data\spring-data-jpa\2.0.10.RELEASE\spring-data-jpa-2.0.10.RELEASE.jar;C:\Users\Amadeo\.m2\repository\org\springframework\data\spring-data-commons\2.0.10.RELEASE\spring-data-commons-2.0.10.RELEASE.jar;C:\Users\Amadeo\.m2\repository\org\springframework\spring-orm\5.0.9.RELEASE\spring-orm-5.0.9.RELEASE.jar;C:\Users\Amadeo\.m2\repository\org\springframework\spring-context\5.0.9.RELEASE\spring-context-5.0.9.RELEASE.jar;C:\Users\Amadeo\.m2\repository\org\springframework\spring-tx\5.0.9.RELEASE\spring-tx-5.0.9.RELEASE.jar;C:\Users\Amadeo\.m2\repository\org\springframework\spring-beans\5.0.9.RELEASE\spring-beans-5.0.9.RELEASE.jar;C:\Users\Amadeo\.m2\repository\org\slf4j\slf4j-api\1.7.25\slf4j-api-1.7.25.jar;C:\Users\Amadeo\.m2\repository\org\springframework\spring-aspects\5.0.9.RELEASE\spring-aspects-5.0.9.RELEASE.jar;C:\Users\Amadeo\.m2\repository\org\springframework\boot\spring-boot-starter-thymeleaf\2.0.5.RELEASE\spring-boot-starter-thymeleaf-2.0.5.RELEASE.jar;C:\Users\Amadeo\.m2\repository\org\thymeleaf\thymeleaf-spring5\3.0.9.RELEASE\thymeleaf-spring5-3.0.9.RELEASE.jar;C:\Users\Amadeo\.m2\repository\org\thymeleaf\thymeleaf\3.0.9.RELEASE\thymeleaf-3.0.9.RELEASE.jar;C:\Users\Amadeo\.m2\repository\org\attoparser\attoparser\2.0.4.RELEASE\attoparser-2.0.4.RELEASE.jar;C:\Users\Amadeo\.m2\repository\org\unbescape\unbescape\1.1.5.RELEASE\unbescape-1.1.5.RELEASE.jar;C:\Users\Amadeo\.m2\repository\org\thymeleaf\extras\thymeleaf-extras-java8time\3.0.1.RELEASE\thymeleaf-extras-java8time-3.0.1.RELEASE.jar;C:\Users\Amadeo\.m2\repository\org\springframework\boot\spring-boot-starter-web\2.0.5.RELEASE\spring-boot-starter-web-2.0.5.RELEASE.jar;C:\Users\Amadeo\.m2\repository\org\springframework\boot\spring-boot-starter-json\2.0.5.RELEASE\spring-boot-starter-json-2.0.5.RELEASE.jar;C:\Users\Amadeo\.m2\repository\com\fasterxml\jackson\core\jackson-databind\2.9.6\jackson-databind-2.9.6.jar;C:\Users\Amadeo\.m2\repository\com\fasterxml\jackson\core\jackson-annotations\2.9.0\jackson-annotations-2.9.0.jar;C:\Users\Amadeo\.m2\repository\com\fasterxml\jackson\core\jackson-core\2.9.6\jackson-core-2.9.6.jar;C:\Users\Amadeo\.m2\repository\com\fasterxml\jackson\datatype\jackson-datatype-jdk8\2.9.6\jackson-datatype-jdk8-2.9.6.jar;C:\Users\Amadeo\.m2\repository\com\fasterxml\jackson\datatype\jackson-datatype-jsr310\2.9.6\jackson-datatype-jsr310-2.9.6.jar;C:\Users\Amadeo\.m2\repository\com\fasterxml\jackson\module\jackson-module-parameter-names\2.9.6\jackson-module-parameter-names-2.9.6.jar;C:\Users\Amadeo\.m2\repository\org\springframework\boot\spring-boot-starter-tomcat\2.0.5.RELEASE\spring-boot-starter-tomcat-2.0.5.RELEASE.jar;C:\Users\Amadeo\.m2\repository\org\apache\tomcat\embed\tomcat-embed-core\8.5.34\tomcat-embed-core-8.5.34.jar;C:\Users\Amadeo\.m2\repository\org\apache\tomcat\embed\tomcat-embed-el\8.5.34\tomcat-embed-el-8.5.34.jar;C:\Users\Amadeo\.m2\repository\org\apache\tomcat\embed\tomcat-embed-websocket\8.5.34\tomcat-embed-websocket-8.5.34.jar;C:\Users\Amadeo\.m2\repository\org\hibernate\validator\hibernate-validator\6.0.12.Final\hibernate-validator-6.0.12.Final.jar;C:\Users\Amadeo\.m2\repository\javax\validation\validation-api\2.0.1.Final\validation-api-2.0.1.Final.jar;C:\Users\Amadeo\.m2\repository\org\springframework\spring-web\5.0.9.RELEASE\spring-web-5.0.9.RELEASE.jar;C:\Users\Amadeo\.m2\repository\org\springframework\spring-webmvc\5.0.9.RELEASE\spring-webmvc-5.0.9.RELEASE.jar;C:\Users\Amadeo\.m2\repository\org\springframework\spring-expression\5.0.9.RELEASE\spring-expression-5.0.9.RELEASE.jar;C:\Users\Amadeo\.m2\repository\org\projectlombok\lombok\1.16.22\lombok-1.16.22.jar;C:\Users\Amadeo\.m2\repository\org\springframework\boot\spring-boot-starter-test\2.0.5.RELEASE\spring-boot-starter-test-2.0.5.RELEASE.jar;C:\Users\Amadeo\.m2\repository\org\springframework\boot\spring-boot-test\2.0.5.RELEASE\spring-boot-test-2.0.5.RELEASE.jar;C:\Users\Amadeo\.m2\repository\org\springframework\boot\spring-boot-test-autoconfigure\2.0.5.RELEASE\spring-boot-test-autoconfigure-2.0.5.RELEASE.jar;C:\Users\Amadeo\.m2\repository\com\jayway\jsonpath\json-path\2.4.0\json-path-2.4.0.jar;C:\Users\Amadeo\.m2\repository\net\minidev\json-smart\2.3\json-smart-2.3.jar;C:\Users\Amadeo\.m2\repository\net\minidev\accessors-smart\1.2\accessors-smart-1.2.jar;C:\Users\Amadeo\.m2\repository\org\ow2\asm\asm\5.0.4\asm-5.0.4.jar;C:\Users\Amadeo\.m2\repository\junit\junit\4.12\junit-4.12.jar;C:\Users\Amadeo\.m2\repository\org\assertj\assertj-core\3.9.1\assertj-core-3.9.1.jar;C:\Users\Amadeo\.m2\repository\org\mockito\mockito-core\2.15.0\mockito-core-2.15.0.jar;C:\Users\Amadeo\.m2\repository\net\bytebuddy\byte-buddy\1.7.11\byte-buddy-1.7.11.jar;C:\Users\Amadeo\.m2\repository\net\bytebuddy\byte-buddy-agent\1.7.11\byte-buddy-agent-1.7.11.jar;C:\Users\Amadeo\.m2\repository\org\objenesis\objenesis\2.6\objenesis-2.6.jar;C:\Users\Amadeo\.m2\repository\org\hamcrest\hamcrest-core\1.3\hamcrest-core-1.3.jar;C:\Users\Amadeo\.m2\repository\org\hamcrest\hamcrest-library\1.3\hamcrest-library-1.3.jar;C:\Users\Amadeo\.m2\repository\org\skyscreamer\jsonassert\1.5.0\jsonassert-1.5.0.jar;C:\Users\Amadeo\.m2\repository\com\vaadin\external\google\android-json\0.0.20131108.vaadin1\android-json-0.0.20131108.vaadin1.jar;C:\Users\Amadeo\.m2\repository\org\springframework\spring-core\5.0.9.RELEASE\spring-core-5.0.9.RELEASE.jar;C:\Users\Amadeo\.m2\repository\org\springframework\spring-jcl\5.0.9.RELEASE\spring-jcl-5.0.9.RELEASE.jar;C:\Users\Amadeo\.m2\repository\org\springframework\spring-test\5.0.9.RELEASE\spring-test-5.0.9.RELEASE.jar;C:\Users\Amadeo\.m2\repository\org\xmlunit\xmlunit-core\2.5.1\xmlunit-core-2.5.1.jar;C:\Users\Amadeo\.m2\repository\org\springframework\boot\spring-boot-devtools\2.0.5.RELEASE\spring-boot-devtools-2.0.5.RELEASE.jar;C:\Users\Amadeo\.m2\repository\org\springframework\boot\spring-boot\2.0.5.RELEASE\spring-boot-2.0.5.RELEASE.jar;C:\Users\Amadeo\.m2\repository\org\springframework\boot\spring-boot-autoconfigure\2.0.5.RELEASE\spring-boot-autoconfigure-2.0.5.RELEASE.jar;C:\Users\Amadeo\.m2\repository\com\h2database\h2\1.4.197\h2-1.4.197.jar;, java.specification.name=Java Platform API Specification, java.class.version=52.0, sun.management.compiler=HotSpot 64-Bit Tiered Compilers, os.version=10.0, user.home=C:\Users\Amadeo, user.timezone=America/Buenos_Aires, java.awt.printerjob=sun.awt.windows.WPrinterJob, file.encoding=UTF-8, java.specification.version=1.8, java.class.path=D:\Programacion\JAVA\Informatorio\Tp6\banco\banco\target\test-classes;D:\Programacion\JAVA\Informatorio\Tp6\banco\banco\target\classes;C:\Users\Amadeo\.m2\repository\org\springframework\boot\spring-boot-starter-data-jpa\2.0.5.RELEASE\spring-boot-starter-data-jpa-2.0.5.RELEASE.jar;C:\Users\Amadeo\.m2\repository\org\springframework\boot\spring-boot-starter\2.0.5.RELEASE\spring-boot-starter-2.0.5.RELEASE.jar;C:\Users\Amadeo\.m2\repository\org\springframework\boot\spring-boot-starter-logging\2.0.5.RELEASE\spring-boot-starter-logging-2.0.5.RELEASE.jar;C:\Users\Amadeo\.m2\repository\ch\qos\logback\logback-classic\1.2.3\logback-classic-1.2.3.jar;C:\Users\Amadeo\.m2\repository\ch\qos\logback\logback-core\1.2.3\logback-core-1.2.3.jar;C:\Users\Amadeo\.m2\repository\org\apache\logging\log4j\log4j-to-slf4j\2.10.0\log4j-to-slf4j-2.10.0.jar;C:\Users\Amadeo\.m2\repository\org\apache\logging\log4j\log4j-api\2.10.0\log4j-api-2.10.0.jar;C:\Users\Amadeo\.m2\repository\org\slf4j\jul-to-slf4j\1.7.25\jul-to-slf4j-1.7.25.jar;C:\Users\Amadeo\.m2\repository\javax\annotation\javax.annotation-api\1.3.2\javax.annotation-api-1.3.2.jar;C:\Users\Amadeo\.m2\repository\org\yaml\snakeyaml\1.19\snakeyaml-1.19.jar;C:\Users\Amadeo\.m2\repository\org\springframework\boot\spring-boot-starter-aop\2.0.5.RELEASE\spring-boot-starter-aop-2.0.5.RELEASE.jar;C:\Users\Amadeo\.m2\repository\org\springframework\spring-aop\5.0.9.RELEASE\spring-aop-5.0.9.RELEASE.jar;C:\Users\Amadeo\.m2\repository\org\aspectj\aspectjweaver\1.8.13\aspectjweaver-1.8.13.jar;C:\Users\Amadeo\.m2\repository\org\springframework\boot\spring-boot-starter-jdbc\2.0.5.RELEASE\spring-boot-starter-jdbc-2.0.5.RELEASE.jar;C:\Users\Amadeo\.m2\repository\com\zaxxer\HikariCP\2.7.9\HikariCP-2.7.9.jar;C:\Users\Amadeo\.m2\repository\org\springframework\spring-jdbc\5.0.9.RELEASE\spring-jdbc-5.0.9.RELEASE.jar;C:\Users\Amadeo\.m2\repository\javax\transaction\javax.transaction-api\1.2\javax.transaction-api-1.2.jar;C:\Users\Amadeo\.m2\repository\org\hibernate\hibernate-core\5.2.17.Final\hibernate-core-5.2.17.Final.jar;C:\Users\Amadeo\.m2\repository\org\jboss\logging\jboss-logging\3.3.2.Final\jboss-logging-3.3.2.Final.jar;C:\Users\Amadeo\.m2\repository\org\hibernate\javax\persistence\hibernate-jpa-2.1-api\1.0.2.Final\hibernate-jpa-2.1-api-1.0.2.Final.jar;C:\Users\Amadeo\.m2\repository\org\javassist\javassist\3.22.0-GA\javassist-3.22.0-GA.jar;C:\Users\Amadeo\.m2\repository\antlr\antlr\2.7.7\antlr-2.7.7.jar;C:\Users\Amadeo\.m2\repository\org\jboss\jandex\2.0.3.Final\jandex-2.0.3.Final.jar;C:\Users\Amadeo\.m2\repository\com\fasterxml\classmate\1.3.4\classmate-1.3.4.jar;C:\Users\Amadeo\.m2\repository\dom4j\dom4j\1.6.1\dom4j-1.6.1.jar;C:\Users\Amadeo\.m2\repository\org\hibernate\common\hibernate-commons-annotations\5.0.1.Final\hibernate-commons-annotations-5.0.1.Final.jar;C:\Users\Amadeo\.m2\repository\org\springframework\data\spring-data-jpa\2.0.10.RELEASE\spring-data-jpa-2.0.10.RELEASE.jar;C:\Users\Amadeo\.m2\repository\org\springframework\data\spring-data-commons\2.0.10.RELEASE\spring-data-commons-2.0.10.RELEASE.jar;C:\Users\Amadeo\.m2\repository\org\springframework\spring-orm\5.0.9.RELEASE\spring-orm-5.0.9.RELEASE.jar;C:\Users\Amadeo\.m2\repository\org\springframework\spring-context\5.0.9.RELEASE\spring-context-5.0.9.RELEASE.jar;C:\Users\Amadeo\.m2\repository\org\springframework\spring-tx\5.0.9.RELEASE\spring-tx-5.0.9.RELEASE.jar;C:\Users\Amadeo\.m2\repository\org\springframework\spring-beans\5.0.9.RELEASE\spring-beans-5.0.9.RELEASE.jar;C:\Users\Amadeo\.m2\repository\org\slf4j\slf4j-api\1.7.25\slf4j-api-1.7.25.jar;C:\Users\Amadeo\.m2\repository\org\springframework\spring-aspects\5.0.9.RELEASE\spring-aspects-5.0.9.RELEASE.jar;C:\Users\Amadeo\.m2\repository\org\springframework\boot\spring-boot-starter-thymeleaf\2.0.5.RELEASE\spring-boot-starter-thymeleaf-2.0.5.RELEASE.jar;C:\Users\Amadeo\.m2\repository\org\thymeleaf\thymeleaf-spring5\3.0.9.RELEASE\thymeleaf-spring5-3.0.9.RELEASE.jar;C:\Users\Amadeo\.m2\repository\org\thymeleaf\thymeleaf\3.0.9.RELEASE\thymeleaf-3.0.9.RELEASE.jar;C:\Users\Amadeo\.m2\repository\org\attoparser\attoparser\2.0.4.RELEASE\attoparser-2.0.4.RELEASE.jar;C:\Users\Amadeo\.m2\repository\org\unbescape\unbescape\1.1.5.RELEASE\unbescape-1.1.5.RELEASE.jar;C:\Users\Amadeo\.m2\repository\org\thymeleaf\extras\thymeleaf-extras-java8time\3.0.1.RELEASE\thymeleaf-extras-java8time-3.0.1.RELEASE.jar;C:\Users\Amadeo\.m2\repository\org\springframework\boot\spring-boot-starter-web\2.0.5.RELEASE\spring-boot-starter-web-2.0.5.RELEASE.jar;C:\Users\Amadeo\.m2\repository\org\springframework\boot\spring-boot-starter-json\2.0.5.RELEASE\spring-boot-starter-json-2.0.5.RELEASE.jar;C:\Users\Amadeo\.m2\repository\com\fasterxml\jackson\core\jackson-databind\2.9.6\jackson-databind-2.9.6.jar;C:\Users\Amadeo\.m2\repository\com\fasterxml\jackson\core\jackson-annotations\2.9.0\jackson-annotations-2.9.0.jar;C:\Users\Amadeo\.m2\repository\com\fasterxml\jackson\core\jackson-core\2.9.6\jackson-core-2.9.6.jar;C:\Users\Amadeo\.m2\repository\com\fasterxml\jackson\datatype\jackson-datatype-jdk8\2.9.6\jackson-datatype-jdk8-2.9.6.jar;C:\Users\Amadeo\.m2\repository\com\fasterxml\jackson\datatype\jackson-datatype-jsr310\2.9.6\jackson-datatype-jsr310-2.9.6.jar;C:\Users\Amadeo\.m2\repository\com\fasterxml\jackson\module\jackson-module-parameter-names\2.9.6\jackson-module-parameter-names-2.9.6.jar;C:\Users\Amadeo\.m2\repository\org\springframework\boot\spring-boot-starter-tomcat\2.0.5.RELEASE\spring-boot-starter-tomcat-2.0.5.RELEASE.jar;C:\Users\Amadeo\.m2\repository\org\apache\tomcat\embed\tomcat-embed-core\8.5.34\tomcat-embed-core-8.5.34.jar;C:\Users\Amadeo\.m2\repository\org\apache\tomcat\embed\tomcat-embed-el\8.5.34\tomcat-embed-el-8.5.34.jar;C:\Users\Amadeo\.m2\repository\org\apache\tomcat\embed\tomcat-embed-websocket\8.5.34\tomcat-embed-websocket-8.5.34.jar;C:\Users\Amadeo\.m2\repository\org\hibernate\validator\hibernate-validator\6.0.12.Final\hibernate-validator-6.0.12.Final.jar;C:\Users\Amadeo\.m2\repository\javax\validation\validation-api\2.0.1.Final\validation-api-2.0.1.Final.jar;C:\Users\Amadeo\.m2\repository\org\springframework\spring-web\5.0.9.RELEASE\spring-web-5.0.9.RELEASE.jar;C:\Users\Amadeo\.m2\repository\org\springframework\spring-webmvc\5.0.9.RELEASE\spring-webmvc-5.0.9.RELEASE.jar;C:\Users\Amadeo\.m2\repository\org\springframework\spring-expression\5.0.9.RELEASE\spring-expression-5.0.9.RELEASE.jar;C:\Users\Amadeo\.m2\repository\org\projectlombok\lombok\1.16.22\lombok-1.16.22.jar;C:\Users\Amadeo\.m2\repository\org\springframework\boot\spring-boot-starter-test\2.0.5.RELEASE\spring-boot-starter-test-2.0.5.RELEASE.jar;C:\Users\Amadeo\.m2\repository\org\springframework\boot\spring-boot-test\2.0.5.RELEASE\spring-boot-test-2.0.5.RELEASE.jar;C:\Users\Amadeo\.m2\repository\org\springframework\boot\spring-boot-test-autoconfigure\2.0.5.RELEASE\spring-boot-test-autoconfigure-2.0.5.RELEASE.jar;C:\Users\Amadeo\.m2\repository\com\jayway\jsonpath\json-path\2.4.0\json-path-2.4.0.jar;C:\Users\Amadeo\.m2\repository\net\minidev\json-smart\2.3\json-smart-2.3.jar;C:\Users\Amadeo\.m2\repository\net\minidev\accessors-smart\1.2\accessors-smart-1.2.jar;C:\Users\Amadeo\.m2\repository\org\ow2\asm\asm\5.0.4\asm-5.0.4.jar;C:\Users\Amadeo\.m2\repository\junit\junit\4.12\junit-4.12.jar;C:\Users\Amadeo\.m2\repository\org\assertj\assertj-core\3.9.1\assertj-core-3.9.1.jar;C:\Users\Amadeo\.m2\repository\org\mockito\mockito-core\2.15.0\mockito-core-2.15.0.jar;C:\Users\Amadeo\.m2\repository\net\bytebuddy\byte-buddy\1.7.11\byte-buddy-1.7.11.jar;C:\Users\Amadeo\.m2\repository\net\bytebuddy\byte-buddy-agent\1.7.11\byte-buddy-agent-1.7.11.jar;C:\Users\Amadeo\.m2\repository\org\objenesis\objenesis\2.6\objenesis-2.6.jar;C:\Users\Amadeo\.m2\repository\org\hamcrest\hamcrest-core\1.3\hamcrest-core-1.3.jar;C:\Users\Amadeo\.m2\repository\org\hamcrest\hamcrest-library\1.3\hamcrest-library-1.3.jar;C:\Users\Amadeo\.m2\repository\org\skyscreamer\jsonassert\1.5.0\jsonassert-1.5.0.jar;C:\Users\Amadeo\.m2\repository\com\vaadin\external\google\android-json\0.0.20131108.vaadin1\android-json-0.0.20131108.vaadin1.jar;C:\Users\Amadeo\.m2\repository\org\springframework\spring-core\5.0.9.RELEASE\spring-core-5.0.9.RELEASE.jar;C:\Users\Amadeo\.m2\repository\org\springframework\spring-jcl\5.0.9.RELEASE\spring-jcl-5.0.9.RELEASE.jar;C:\Users\Amadeo\.m2\repository\org\springframework\spring-test\5.0.9.RELEASE\spring-test-5.0.9.RELEASE.jar;C:\Users\Amadeo\.m2\repository\org\xmlunit\xmlunit-core\2.5.1\xmlunit-core-2.5.1.jar;C:\Users\Amadeo\.m2\repository\org\springframework\boot\spring-boot-devtools\2.0.5.RELEASE\spring-boot-devtools-2.0.5.RELEASE.jar;C:\Users\Amadeo\.m2\repository\org\springframework\boot\spring-boot\2.0.5.RELEASE\spring-boot-2.0.5.RELEASE.jar;C:\Users\Amadeo\.m2\repository\org\springframework\boot\spring-boot-autoconfigure\2.0.5.RELEASE\spring-boot-autoconfigure-2.0.5.RELEASE.jar;C:\Users\Amadeo\.m2\repository\com\h2database\h2\1.4.197\h2-1.4.197.jar;, user.name=Amadeo, java.vm.specification.version=1.8, sun.java.command=C:\Users\Amadeo\AppData\Local\Temp\surefire5383766252962187626\surefirebooter5282869594831516707.jar C:\Users\Amadeo\AppData\Local\Temp\surefire5383766252962187626 2018-10-06T22-32-49_455-jvmRun1 surefire5025413021797742761tmp surefire_06138421718125176333tmp, java.home=C:\Program Files\Java\jdk1.8.0_161\jre, sun.arch.data.model=64, user.language=es, java.specification.vendor=Oracle Corporation, awt.toolkit=sun.awt.windows.WToolkit, java.vm.info=mixed mode, java.version=1.8.0_161, java.ext.dirs=C:\Program Files\Java\jdk1.8.0_161\jre\lib\ext;C:\WINDOWS\Sun\Java\lib\ext, sun.boot.class.path=C:\Program Files\Java\jdk1.8.0_161\jre\lib\resources.jar;C:\Program Files\Java\jdk1.8.0_161\jre\lib\rt.jar;C:\Program Files\Java\jdk1.8.0_161\jre\lib\sunrsasign.jar;C:\Program Files\Java\jdk1.8.0_161\jre\lib\jsse.jar;C:\Program Files\Java\jdk1.8.0_161\jre\lib\jce.jar;C:\Program Files\Java\jdk1.8.0_161\jre\lib\charsets.jar;C:\Program Files\Java\jdk1.8.0_161\jre\lib\jfr.jar;C:\Program Files\Java\jdk1.8.0_161\jre\classes, java.vendor=Oracle Corporation, localRepository=C:\Users\Amadeo\.m2\repository, file.separator=\, java.vendor.url.bug=http://bugreport.sun.com/bugreport/, sun.io.unicode.encoding=UnicodeLittle, sun.cpu.endian=little, sun.desktop=windows, sun.cpu.isalist=amd64}}, SystemEnvironmentPropertySource@477289012 {name='systemEnvironment', properties={PATH=C:\Python36\Scripts\;C:\Python36\;C:\Program Files (x86)\Common Files\Oracle\Java\javapath;C:\ProgramData\Oracle\Java\javapath;C:\WINDOWS\system32;C:\WINDOWS;C:\WINDOWS\System32\Wbem;C:\WINDOWS\System32\WindowsPowerShell\v1.0\;C:\Program Files\Microsoft SQL Server\130\Tools\Binn\;C:\Program Files\Java\jdk1.8.0_161\bin;C:\WINDOWS\System32\OpenSSH\;D:\PROGRAMACION\AUTOMATION\maven\apache-maven-3.5.4\bin;C:\Program Files\Git\cmd;C:\Python\Scripts\;C:\Python\;C:\Users\Amadeo\AppData\Local\Microsoft\WindowsApps;C:\Program Files\Java\jdk-8.bin;, USERDOMAIN_ROAMINGPROFILE=DESKTOP-G39R0KJ, PROCESSOR_LEVEL=21, SYSTEMDRIVE=C:, SESSIONNAME=Console, ALLUSERSPROFILE=C:\ProgramData, PROCESSOR_ARCHITECTURE=AMD64, DRIVERDATA=C:\Windows\System32\Drivers\DriverData, NB_EXEC_MAVEN_PROCESS_UUID=8299e46f-be58-4864-a7cc-44ac37a571cd, PROGRAMFILES=C:\Program Files, MOZ_PLUGIN_PATH=C:\Program Files (x86)\Foxit Software\Foxit Reader\plugins\, PSMODULEPATH=C:\Program Files\WindowsPowerShell\Modules;C:\WINDOWS\system32\WindowsPowerShell\v1.0\Modules, PROGRAMDATA=C:\ProgramData, USERNAME=Amadeo, JRE-HOME=C:\Program Files\Java\jre1.8.0_161, FPS_BROWSER_USER_PROFILE_STRING=Default, ONEDRIVE=C:\Users\Amadeo\OneDrive, PATHEXT=.COM;.EXE;.BAT;.CMD;.VBS;.VBE;.JS;.JSE;.WSF;.WSH;.MSC;.PY;.PYW, CLASSWORLDS_JAR="C:\Program Files\NetBeans 8.2\java\maven\boot\plexus-classworlds-2.4.jar", WINDIR=C:\WINDOWS, HOMEPATH=\Users\Amadeo, PROCESSOR_IDENTIFIER=AMD64 Family 21 Model 101 Stepping 1, AuthenticAMD, M2_HOME=C:\Program Files\NetBeans 8.2\java\maven, MAVEN_JAVA_EXE="C:\Program Files\Java\jdk1.8.0_161\bin\java.exe", PUBLIC=C:\Users\Public, =::=::\, LOCALAPPDATA=C:\Users\Amadeo\AppData\Local, COMMONPROGRAMFILES(X86)=C:\Program Files (x86)\Common Files, USERDOMAIN=DESKTOP-G39R0KJ, FPS_BROWSER_APP_PROFILE_STRING=Internet Explorer, LOGONSERVER=\\DESKTOP-G39R0KJ, JAVA_HOME=C:\Program Files\Java\jdk1.8.0_161, PROMPT=$P$G, PROGRAMFILES(X86)=C:\Program Files (x86), ERROR_CODE=0, APPDATA=C:\Users\Amadeo\AppData\Roaming, PROGRAMW6432=C:\Program Files, SYSTEMROOT=C:\WINDOWS, MAVEN_CMD_LINE_ARGS=-Dmaven.ext.class.path="C:\Program Files\NetBeans 8.2\java\maven-nblib\netbeans-eventspy.jar" -Dfile.encoding=UTF-8 install, OS=Windows_NT, COMMONPROGRAMW6432=C:\Program Files\Common Files, COMPUTERNAME=DESKTOP-G39R0KJ, COMMONPROGRAMFILES=C:\Program Files\Common Files, COMSPEC=C:\WINDOWS\system32\cmd.exe, JD2_HOME=C:\Users\Amadeo\AppData\Local\JDownloader v2.0, PROCESSOR_REVISION=6501, CLASSWORLDS_LAUNCHER=org.codehaus.plexus.classworlds.launcher.Launcher, =D:=D:\Programacion\JAVA\Informatorio\Tp6\banco\banco, TEMP=C:\Users\Amadeo\AppData\Local\Temp, HOMEDRIVE=C:, USERPROFILE=C:\Users\Amadeo, TMP=C:\Users\Amadeo\AppData\Local\Temp, NUMBER_OF_PROCESSORS=4, HOME=C:\Users\Amadeo}}]
22:32:53.636 [main] DEBUG org.springframework.core.io.support.PathMatchingResourcePatternResolver - Resolved classpath location [com/info/tp6/banco/] to resources [URL [file:/D:/Programacion/JAVA/Informatorio/Tp6/banco/banco/target/test-classes/com/info/tp6/banco/], URL [file:/D:/Programacion/JAVA/Informatorio/Tp6/banco/banco/target/classes/com/info/tp6/banco/]]
22:32:53.652 [main] DEBUG org.springframework.core.io.support.PathMatchingResourcePatternResolver - Looking for matching resources in directory tree [D:\Programacion\JAVA\Informatorio\Tp6\banco\banco\target\test-classes\com\info\tp6\banco]
22:32:53.652 [main] DEBUG org.springframework.core.io.support.PathMatchingResourcePatternResolver - Searching directory [D:\Programacion\JAVA\Informatorio\Tp6\banco\banco\target\test-classes\com\info\tp6\banco] for files matching pattern [D:/Programacion/JAVA/Informatorio/Tp6/banco/banco/target/test-classes/com/info/tp6/banco/*.class]
22:32:53.652 [main] DEBUG org.springframework.core.io.support.PathMatchingResourcePatternResolver - Looking for matching resources in directory tree [D:\Programacion\JAVA\Informatorio\Tp6\banco\banco\target\classes\com\info\tp6\banco]
22:32:53.652 [main] DEBUG org.springframework.core.io.support.PathMatchingResourcePatternResolver - Searching directory [D:\Programacion\JAVA\Informatorio\Tp6\banco\banco\target\classes\com\info\tp6\banco] for files matching pattern [D:/Programacion/JAVA/Informatorio/Tp6/banco/banco/target/classes/com/info/tp6/banco/*.class]
22:32:53.652 [main] DEBUG org.springframework.core.io.support.PathMatchingResourcePatternResolver - Resolved location pattern [classpath*:com/info/tp6/banco/*.class] to resources [file [D:\Programacion\JAVA\Informatorio\Tp6\banco\banco\target\test-classes\com\info\tp6\banco\BancoApplicationTests.class], file [D:\Programacion\JAVA\Informatorio\Tp6\banco\banco\target\classes\com\info\tp6\banco\BancoApplication.class]]
22:32:53.839 [main] DEBUG org.springframework.context.annotation.ClassPathScanningCandidateComponentProvider - Identified candidate component class: file [D:\Programacion\JAVA\Informatorio\Tp6\banco\banco\target\classes\com\info\tp6\banco\BancoApplication.class]
22:32:53.839 [main] INFO org.springframework.boot.test.context.SpringBootTestContextBootstrapper - Found @SpringBootConfiguration com.info.tp6.banco.BancoApplication for test class com.info.tp6.banco.BancoApplicationTests
22:32:54.199 [main] DEBUG org.springframework.boot.test.context.SpringBootTestContextBootstrapper - @TestExecutionListeners is not present for class [com.info.tp6.banco.BancoApplicationTests]: using defaults.
22:32:54.214 [main] INFO org.springframework.boot.test.context.SpringBootTestContextBootstrapper - Loaded default TestExecutionListener class names from location [META-INF/spring.factories]: [org.springframework.boot.test.mock.mockito.MockitoTestExecutionListener, org.springframework.boot.test.mock.mockito.ResetMocksTestExecutionListener, org.springframework.boot.test.autoconfigure.restdocs.RestDocsTestExecutionListener, org.springframework.boot.test.autoconfigure.web.client.MockRestServiceServerResetTestExecutionListener, org.springframework.boot.test.autoconfigure.web.servlet.MockMvcPrintOnlyOnFailureTestExecutionListener, org.springframework.boot.test.autoconfigure.web.servlet.WebDriverTestExecutionListener, org.springframework.test.context.web.ServletTestExecutionListener, org.springframework.test.context.support.DirtiesContextBeforeModesTestExecutionListener, org.springframework.test.context.support.DependencyInjectionTestExecutionListener, org.springframework.test.context.support.DirtiesContextTestExecutionListener, org.springframework.test.context.transaction.TransactionalTestExecutionListener, org.springframework.test.context.jdbc.SqlScriptsTestExecutionListener]
22:32:54.277 [main] INFO org.springframework.boot.test.context.SpringBootTestContextBootstrapper - Using TestExecutionListeners: [org.springframework.test.context.web.ServletTestExecutionListener@158a8276, org.springframework.test.context.support.DirtiesContextBeforeModesTestExecutionListener@3c3d9b6b, org.springframework.boot.test.mock.mockito.MockitoTestExecutionListener@79d8407f, org.springframework.boot.test.autoconfigure.SpringBootDependencyInjectionTestExecutionListener@5fbe4146, org.springframework.test.context.support.DirtiesContextTestExecutionListener@1e66f1f5, org.springframework.test.context.transaction.TransactionalTestExecutionListener@4e50c791, org.springframework.test.context.jdbc.SqlScriptsTestExecutionListener@7530ad9c, org.springframework.boot.test.mock.mockito.ResetMocksTestExecutionListener@58a9760d, org.springframework.boot.test.autoconfigure.restdocs.RestDocsTestExecutionListener@71e9ddb4, org.springframework.boot.test.autoconfigure.web.client.MockRestServiceServerResetTestExecutionListener@394df057, org.springframework.boot.test.autoconfigure.web.servlet.MockMvcPrintOnlyOnFailureTestExecutionListener@4961f6af, org.springframework.boot.test.autoconfigure.web.servlet.WebDriverTestExecutionListener@5aebe890]
22:32:54.293 [main] DEBUG org.springframework.test.annotation.ProfileValueUtils - Retrieved @ProfileValueSourceConfiguration [null] for test class [com.info.tp6.banco.BancoApplicationTests]
22:32:54.293 [main] DEBUG org.springframework.test.annotation.ProfileValueUtils - Retrieved ProfileValueSource type [class org.springframework.test.annotation.SystemProfileValueSource] for class [com.info.tp6.banco.BancoApplicationTests]
22:32:54.308 [main] DEBUG org.springframework.test.annotation.ProfileValueUtils - Retrieved @ProfileValueSourceConfiguration [null] for test class [com.info.tp6.banco.BancoApplicationTests]
22:32:54.308 [main] DEBUG org.springframework.test.annotation.ProfileValueUtils - Retrieved ProfileValueSource type [class org.springframework.test.annotation.SystemProfileValueSource] for class [com.info.tp6.banco.BancoApplicationTests]
22:32:54.308 [main] DEBUG org.springframework.test.annotation.ProfileValueUtils - Retrieved @ProfileValueSourceConfiguration [null] for test class [com.info.tp6.banco.BancoApplicationTests]
22:32:54.308 [main] DEBUG org.springframework.test.annotation.ProfileValueUtils - Retrieved ProfileValueSource type [class org.springframework.test.annotation.SystemProfileValueSource] for class [com.info.tp6.banco.BancoApplicationTests]
22:32:54.339 [main] DEBUG org.springframework.test.context.support.AbstractDirtiesContextTestExecutionListener - Before test class: context [DefaultTestContext@37883b97 testClass = BancoApplicationTests, testInstance = [null], testMethod = [null], testException = [null], mergedContextConfiguration = [WebMergedContextConfiguration@6ab778a testClass = BancoApplicationTests, locations = '{}', classes = '{class com.info.tp6.banco.BancoApplication}', contextInitializerClasses = '[]', activeProfiles = '{}', propertySourceLocations = '{}', propertySourceProperties = '{org.springframework.boot.test.context.SpringBootTestContextBootstrapper=true}', contextCustomizers = set[org.springframework.boot.test.context.filter.ExcludeFilterContextCustomizer@7dc222ae, org.springframework.boot.test.json.DuplicateJsonObjectContextCustomizerFactory$DuplicateJsonObjectContextCustomizer@8b87145, org.springframework.boot.test.mock.mockito.MockitoContextCustomizer@0, org.springframework.boot.test.web.client.TestRestTemplateContextCustomizer@3439f68d, org.springframework.boot.test.autoconfigure.properties.PropertyMappingContextCustomizer@0, org.springframework.boot.test.autoconfigure.web.servlet.WebDriverContextCustomizerFactory$Customizer@6e2c9341], resourceBasePath = 'src/main/webapp', contextLoader = 'org.springframework.boot.test.context.SpringBootContextLoader', parent = [null]], attributes = map['org.springframework.test.context.web.ServletTestExecutionListener.activateListener' -> true]], class annotated with @DirtiesContext [false] with mode [null].
22:32:54.339 [main] DEBUG org.springframework.test.annotation.ProfileValueUtils - Retrieved @ProfileValueSourceConfiguration [null] for test class [com.info.tp6.banco.BancoApplicationTests]
22:32:54.339 [main] DEBUG org.springframework.test.annotation.ProfileValueUtils - Retrieved ProfileValueSource type [class org.springframework.test.annotation.SystemProfileValueSource] for class [com.info.tp6.banco.BancoApplicationTests]
22:32:54.418 [main] DEBUG org.springframework.core.env.StandardEnvironment - Adding PropertySource 'systemProperties' with lowest search precedence
22:32:54.418 [main] DEBUG org.springframework.core.env.StandardEnvironment - Adding PropertySource 'systemEnvironment' with lowest search precedence
22:32:54.418 [main] DEBUG org.springframework.core.env.StandardEnvironment - Initialized StandardEnvironment with PropertySources [MapPropertySource@1819776360 {name='systemProperties', properties={java.runtime.name=Java(TM) SE Runtime Environment, sun.boot.library.path=C:\Program Files\Java\jdk1.8.0_161\jre\bin, java.vm.version=25.161-b12, java.vm.vendor=Oracle Corporation, java.vendor.url=http://java.oracle.com/, path.separator=;, java.vm.name=Java HotSpot(TM) 64-Bit Server VM, file.encoding.pkg=sun.io, user.country=ES, user.script=, sun.java.launcher=SUN_STANDARD, sun.os.patch.level=, java.vm.specification.name=Java Virtual Machine Specification, user.dir=D:\Programacion\JAVA\Informatorio\Tp6\banco\banco, java.runtime.version=1.8.0_161-b12, basedir=D:\Programacion\JAVA\Informatorio\Tp6\banco\banco, java.awt.graphicsenv=sun.awt.Win32GraphicsEnvironment, java.endorsed.dirs=C:\Program Files\Java\jdk1.8.0_161\jre\lib\endorsed, os.arch=amd64, surefire.real.class.path=C:\Users\Amadeo\AppData\Local\Temp\surefire5383766252962187626\surefirebooter5282869594831516707.jar, java.io.tmpdir=C:\Users\Amadeo\AppData\Local\Temp\, line.separator=
, java.vm.specification.vendor=Oracle Corporation, user.variant=, os.name=Windows 10, maven.ext.class.path=C:\Program Files\NetBeans 8.2\java\maven-nblib\netbeans-eventspy.jar, sun.jnu.encoding=Cp1252, java.library.path=C:\Program Files\Java\jdk1.8.0_161\jre\bin;C:\WINDOWS\Sun\Java\bin;C:\WINDOWS\system32;C:\WINDOWS;C:\Python36\Scripts\;C:\Python36\;C:\Program Files (x86)\Common Files\Oracle\Java\javapath;C:\ProgramData\Oracle\Java\javapath;C:\WINDOWS\system32;C:\WINDOWS;C:\WINDOWS\System32\Wbem;C:\WINDOWS\System32\WindowsPowerShell\v1.0\;C:\Program Files\Microsoft SQL Server\130\Tools\Binn\;C:\Program Files\Java\jdk1.8.0_161\bin;C:\WINDOWS\System32\OpenSSH\;D:\PROGRAMACION\AUTOMATION\maven\apache-maven-3.5.4\bin;C:\Program Files\Git\cmd;C:\Python\Scripts\;C:\Python\;C:\Users\Amadeo\AppData\Local\Microsoft\WindowsApps;C:\Program Files\Java\jdk-8.bin;;., surefire.test.class.path=D:\Programacion\JAVA\Informatorio\Tp6\banco\banco\target\test-classes;D:\Programacion\JAVA\Informatorio\Tp6\banco\banco\target\classes;C:\Users\Amadeo\.m2\repository\org\springframework\boot\spring-boot-starter-data-jpa\2.0.5.RELEASE\spring-boot-starter-data-jpa-2.0.5.RELEASE.jar;C:\Users\Amadeo\.m2\repository\org\springframework\boot\spring-boot-starter\2.0.5.RELEASE\spring-boot-starter-2.0.5.RELEASE.jar;C:\Users\Amadeo\.m2\repository\org\springframework\boot\spring-boot-starter-logging\2.0.5.RELEASE\spring-boot-starter-logging-2.0.5.RELEASE.jar;C:\Users\Amadeo\.m2\repository\ch\qos\logback\logback-classic\1.2.3\logback-classic-1.2.3.jar;C:\Users\Amadeo\.m2\repository\ch\qos\logback\logback-core\1.2.3\logback-core-1.2.3.jar;C:\Users\Amadeo\.m2\repository\org\apache\logging\log4j\log4j-to-slf4j\2.10.0\log4j-to-slf4j-2.10.0.jar;C:\Users\Amadeo\.m2\repository\org\apache\logging\log4j\log4j-api\2.10.0\log4j-api-2.10.0.jar;C:\Users\Amadeo\.m2\repository\org\slf4j\jul-to-slf4j\1.7.25\jul-to-slf4j-1.7.25.jar;C:\Users\Amadeo\.m2\repository\javax\annotation\javax.annotation-api\1.3.2\javax.annotation-api-1.3.2.jar;C:\Users\Amadeo\.m2\repository\org\yaml\snakeyaml\1.19\snakeyaml-1.19.jar;C:\Users\Amadeo\.m2\repository\org\springframework\boot\spring-boot-starter-aop\2.0.5.RELEASE\spring-boot-starter-aop-2.0.5.RELEASE.jar;C:\Users\Amadeo\.m2\repository\org\springframework\spring-aop\5.0.9.RELEASE\spring-aop-5.0.9.RELEASE.jar;C:\Users\Amadeo\.m2\repository\org\aspectj\aspectjweaver\1.8.13\aspectjweaver-1.8.13.jar;C:\Users\Amadeo\.m2\repository\org\springframework\boot\spring-boot-starter-jdbc\2.0.5.RELEASE\spring-boot-starter-jdbc-2.0.5.RELEASE.jar;C:\Users\Amadeo\.m2\repository\com\zaxxer\HikariCP\2.7.9\HikariCP-2.7.9.jar;C:\Users\Amadeo\.m2\repository\org\springframework\spring-jdbc\5.0.9.RELEASE\spring-jdbc-5.0.9.RELEASE.jar;C:\Users\Amadeo\.m2\repository\javax\transaction\javax.transaction-api\1.2\javax.transaction-api-1.2.jar;C:\Users\Amadeo\.m2\repository\org\hibernate\hibernate-core\5.2.17.Final\hibernate-core-5.2.17.Final.jar;C:\Users\Amadeo\.m2\repository\org\jboss\logging\jboss-logging\3.3.2.Final\jboss-logging-3.3.2.Final.jar;C:\Users\Amadeo\.m2\repository\org\hibernate\javax\persistence\hibernate-jpa-2.1-api\1.0.2.Final\hibernate-jpa-2.1-api-1.0.2.Final.jar;C:\Users\Amadeo\.m2\repository\org\javassist\javassist\3.22.0-GA\javassist-3.22.0-GA.jar;C:\Users\Amadeo\.m2\repository\antlr\antlr\2.7.7\antlr-2.7.7.jar;C:\Users\Amadeo\.m2\repository\org\jboss\jandex\2.0.3.Final\jandex-2.0.3.Final.jar;C:\Users\Amadeo\.m2\repository\com\fasterxml\classmate\1.3.4\classmate-1.3.4.jar;C:\Users\Amadeo\.m2\repository\dom4j\dom4j\1.6.1\dom4j-1.6.1.jar;C:\Users\Amadeo\.m2\repository\org\hibernate\common\hibernate-commons-annotations\5.0.1.Final\hibernate-commons-annotations-5.0.1.Final.jar;C:\Users\Amadeo\.m2\repository\org\springframework\data\spring-data-jpa\2.0.10.RELEASE\spring-data-jpa-2.0.10.RELEASE.jar;C:\Users\Amadeo\.m2\repository\org\springframework\data\spring-data-commons\2.0.10.RELEASE\spring-data-commons-2.0.10.RELEASE.jar;C:\Users\Amadeo\.m2\repository\org\springframework\spring-orm\5.0.9.RELEASE\spring-orm-5.0.9.RELEASE.jar;C:\Users\Amadeo\.m2\repository\org\springframework\spring-context\5.0.9.RELEASE\spring-context-5.0.9.RELEASE.jar;C:\Users\Amadeo\.m2\repository\org\springframework\spring-tx\5.0.9.RELEASE\spring-tx-5.0.9.RELEASE.jar;C:\Users\Amadeo\.m2\repository\org\springframework\spring-beans\5.0.9.RELEASE\spring-beans-5.0.9.RELEASE.jar;C:\Users\Amadeo\.m2\repository\org\slf4j\slf4j-api\1.7.25\slf4j-api-1.7.25.jar;C:\Users\Amadeo\.m2\repository\org\springframework\spring-aspects\5.0.9.RELEASE\spring-aspects-5.0.9.RELEASE.jar;C:\Users\Amadeo\.m2\repository\org\springframework\boot\spring-boot-starter-thymeleaf\2.0.5.RELEASE\spring-boot-starter-thymeleaf-2.0.5.RELEASE.jar;C:\Users\Amadeo\.m2\repository\org\thymeleaf\thymeleaf-spring5\3.0.9.RELEASE\thymeleaf-spring5-3.0.9.RELEASE.jar;C:\Users\Amadeo\.m2\repository\org\thymeleaf\thymeleaf\3.0.9.RELEASE\thymeleaf-3.0.9.RELEASE.jar;C:\Users\Amadeo\.m2\repository\org\attoparser\attoparser\2.0.4.RELEASE\attoparser-2.0.4.RELEASE.jar;C:\Users\Amadeo\.m2\repository\org\unbescape\unbescape\1.1.5.RELEASE\unbescape-1.1.5.RELEASE.jar;C:\Users\Amadeo\.m2\repository\org\thymeleaf\extras\thymeleaf-extras-java8time\3.0.1.RELEASE\thymeleaf-extras-java8time-3.0.1.RELEASE.jar;C:\Users\Amadeo\.m2\repository\org\springframework\boot\spring-boot-starter-web\2.0.5.RELEASE\spring-boot-starter-web-2.0.5.RELEASE.jar;C:\Users\Amadeo\.m2\repository\org\springframework\boot\spring-boot-starter-json\2.0.5.RELEASE\spring-boot-starter-json-2.0.5.RELEASE.jar;C:\Users\Amadeo\.m2\repository\com\fasterxml\jackson\core\jackson-databind\2.9.6\jackson-databind-2.9.6.jar;C:\Users\Amadeo\.m2\repository\com\fasterxml\jackson\core\jackson-annotations\2.9.0\jackson-annotations-2.9.0.jar;C:\Users\Amadeo\.m2\repository\com\fasterxml\jackson\core\jackson-core\2.9.6\jackson-core-2.9.6.jar;C:\Users\Amadeo\.m2\repository\com\fasterxml\jackson\datatype\jackson-datatype-jdk8\2.9.6\jackson-datatype-jdk8-2.9.6.jar;C:\Users\Amadeo\.m2\repository\com\fasterxml\jackson\datatype\jackson-datatype-jsr310\2.9.6\jackson-datatype-jsr310-2.9.6.jar;C:\Users\Amadeo\.m2\repository\com\fasterxml\jackson\module\jackson-module-parameter-names\2.9.6\jackson-module-parameter-names-2.9.6.jar;C:\Users\Amadeo\.m2\repository\org\springframework\boot\spring-boot-starter-tomcat\2.0.5.RELEASE\spring-boot-starter-tomcat-2.0.5.RELEASE.jar;C:\Users\Amadeo\.m2\repository\org\apache\tomcat\embed\tomcat-embed-core\8.5.34\tomcat-embed-core-8.5.34.jar;C:\Users\Amadeo\.m2\repository\org\apache\tomcat\embed\tomcat-embed-el\8.5.34\tomcat-embed-el-8.5.34.jar;C:\Users\Amadeo\.m2\repository\org\apache\tomcat\embed\tomcat-embed-websocket\8.5.34\tomcat-embed-websocket-8.5.34.jar;C:\Users\Amadeo\.m2\repository\org\hibernate\validator\hibernate-validator\6.0.12.Final\hibernate-validator-6.0.12.Final.jar;C:\Users\Amadeo\.m2\repository\javax\validation\validation-api\2.0.1.Final\validation-api-2.0.1.Final.jar;C:\Users\Amadeo\.m2\repository\org\springframework\spring-web\5.0.9.RELEASE\spring-web-5.0.9.RELEASE.jar;C:\Users\Amadeo\.m2\repository\org\springframework\spring-webmvc\5.0.9.RELEASE\spring-webmvc-5.0.9.RELEASE.jar;C:\Users\Amadeo\.m2\repository\org\springframework\spring-expression\5.0.9.RELEASE\spring-expression-5.0.9.RELEASE.jar;C:\Users\Amadeo\.m2\repository\org\projectlombok\lombok\1.16.22\lombok-1.16.22.jar;C:\Users\Amadeo\.m2\repository\org\springframework\boot\spring-boot-starter-test\2.0.5.RELEASE\spring-boot-starter-test-2.0.5.RELEASE.jar;C:\Users\Amadeo\.m2\repository\org\springframework\boot\spring-boot-test\2.0.5.RELEASE\spring-boot-test-2.0.5.RELEASE.jar;C:\Users\Amadeo\.m2\repository\org\springframework\boot\spring-boot-test-autoconfigure\2.0.5.RELEASE\spring-boot-test-autoconfigure-2.0.5.RELEASE.jar;C:\Users\Amadeo\.m2\repository\com\jayway\jsonpath\json-path\2.4.0\json-path-2.4.0.jar;C:\Users\Amadeo\.m2\repository\net\minidev\json-smart\2.3\json-smart-2.3.jar;C:\Users\Amadeo\.m2\repository\net\minidev\accessors-smart\1.2\accessors-smart-1.2.jar;C:\Users\Amadeo\.m2\repository\org\ow2\asm\asm\5.0.4\asm-5.0.4.jar;C:\Users\Amadeo\.m2\repository\junit\junit\4.12\junit-4.12.jar;C:\Users\Amadeo\.m2\repository\org\assertj\assertj-core\3.9.1\assertj-core-3.9.1.jar;C:\Users\Amadeo\.m2\repository\org\mockito\mockito-core\2.15.0\mockito-core-2.15.0.jar;C:\Users\Amadeo\.m2\repository\net\bytebuddy\byte-buddy\1.7.11\byte-buddy-1.7.11.jar;C:\Users\Amadeo\.m2\repository\net\bytebuddy\byte-buddy-agent\1.7.11\byte-buddy-agent-1.7.11.jar;C:\Users\Amadeo\.m2\repository\org\objenesis\objenesis\2.6\objenesis-2.6.jar;C:\Users\Amadeo\.m2\repository\org\hamcrest\hamcrest-core\1.3\hamcrest-core-1.3.jar;C:\Users\Amadeo\.m2\repository\org\hamcrest\hamcrest-library\1.3\hamcrest-library-1.3.jar;C:\Users\Amadeo\.m2\repository\org\skyscreamer\jsonassert\1.5.0\jsonassert-1.5.0.jar;C:\Users\Amadeo\.m2\repository\com\vaadin\external\google\android-json\0.0.20131108.vaadin1\android-json-0.0.20131108.vaadin1.jar;C:\Users\Amadeo\.m2\repository\org\springframework\spring-core\5.0.9.RELEASE\spring-core-5.0.9.RELEASE.jar;C:\Users\Amadeo\.m2\repository\org\springframework\spring-jcl\5.0.9.RELEASE\spring-jcl-5.0.9.RELEASE.jar;C:\Users\Amadeo\.m2\repository\org\springframework\spring-test\5.0.9.RELEASE\spring-test-5.0.9.RELEASE.jar;C:\Users\Amadeo\.m2\repository\org\xmlunit\xmlunit-core\2.5.1\xmlunit-core-2.5.1.jar;C:\Users\Amadeo\.m2\repository\org\springframework\boot\spring-boot-devtools\2.0.5.RELEASE\spring-boot-devtools-2.0.5.RELEASE.jar;C:\Users\Amadeo\.m2\repository\org\springframework\boot\spring-boot\2.0.5.RELEASE\spring-boot-2.0.5.RELEASE.jar;C:\Users\Amadeo\.m2\repository\org\springframework\boot\spring-boot-autoconfigure\2.0.5.RELEASE\spring-boot-autoconfigure-2.0.5.RELEASE.jar;C:\Users\Amadeo\.m2\repository\com\h2database\h2\1.4.197\h2-1.4.197.jar;, java.specification.name=Java Platform API Specification, java.class.version=52.0, sun.management.compiler=HotSpot 64-Bit Tiered Compilers, os.version=10.0, user.home=C:\Users\Amadeo, user.timezone=America/Buenos_Aires, java.awt.printerjob=sun.awt.windows.WPrinterJob, file.encoding=UTF-8, java.specification.version=1.8, java.class.path=D:\Programacion\JAVA\Informatorio\Tp6\banco\banco\target\test-classes;D:\Programacion\JAVA\Informatorio\Tp6\banco\banco\target\classes;C:\Users\Amadeo\.m2\repository\org\springframework\boot\spring-boot-starter-data-jpa\2.0.5.RELEASE\spring-boot-starter-data-jpa-2.0.5.RELEASE.jar;C:\Users\Amadeo\.m2\repository\org\springframework\boot\spring-boot-starter\2.0.5.RELEASE\spring-boot-starter-2.0.5.RELEASE.jar;C:\Users\Amadeo\.m2\repository\org\springframework\boot\spring-boot-starter-logging\2.0.5.RELEASE\spring-boot-starter-logging-2.0.5.RELEASE.jar;C:\Users\Amadeo\.m2\repository\ch\qos\logback\logback-classic\1.2.3\logback-classic-1.2.3.jar;C:\Users\Amadeo\.m2\repository\ch\qos\logback\logback-core\1.2.3\logback-core-1.2.3.jar;C:\Users\Amadeo\.m2\repository\org\apache\logging\log4j\log4j-to-slf4j\2.10.0\log4j-to-slf4j-2.10.0.jar;C:\Users\Amadeo\.m2\repository\org\apache\logging\log4j\log4j-api\2.10.0\log4j-api-2.10.0.jar;C:\Users\Amadeo\.m2\repository\org\slf4j\jul-to-slf4j\1.7.25\jul-to-slf4j-1.7.25.jar;C:\Users\Amadeo\.m2\repository\javax\annotation\javax.annotation-api\1.3.2\javax.annotation-api-1.3.2.jar;C:\Users\Amadeo\.m2\repository\org\yaml\snakeyaml\1.19\snakeyaml-1.19.jar;C:\Users\Amadeo\.m2\repository\org\springframework\boot\spring-boot-starter-aop\2.0.5.RELEASE\spring-boot-starter-aop-2.0.5.RELEASE.jar;C:\Users\Amadeo\.m2\repository\org\springframework\spring-aop\5.0.9.RELEASE\spring-aop-5.0.9.RELEASE.jar;C:\Users\Amadeo\.m2\repository\org\aspectj\aspectjweaver\1.8.13\aspectjweaver-1.8.13.jar;C:\Users\Amadeo\.m2\repository\org\springframework\boot\spring-boot-starter-jdbc\2.0.5.RELEASE\spring-boot-starter-jdbc-2.0.5.RELEASE.jar;C:\Users\Amadeo\.m2\repository\com\zaxxer\HikariCP\2.7.9\HikariCP-2.7.9.jar;C:\Users\Amadeo\.m2\repository\org\springframework\spring-jdbc\5.0.9.RELEASE\spring-jdbc-5.0.9.RELEASE.jar;C:\Users\Amadeo\.m2\repository\javax\transaction\javax.transaction-api\1.2\javax.transaction-api-1.2.jar;C:\Users\Amadeo\.m2\repository\org\hibernate\hibernate-core\5.2.17.Final\hibernate-core-5.2.17.Final.jar;C:\Users\Amadeo\.m2\repository\org\jboss\logging\jboss-logging\3.3.2.Final\jboss-logging-3.3.2.Final.jar;C:\Users\Amadeo\.m2\repository\org\hibernate\javax\persistence\hibernate-jpa-2.1-api\1.0.2.Final\hibernate-jpa-2.1-api-1.0.2.Final.jar;C:\Users\Amadeo\.m2\repository\org\javassist\javassist\3.22.0-GA\javassist-3.22.0-GA.jar;C:\Users\Amadeo\.m2\repository\antlr\antlr\2.7.7\antlr-2.7.7.jar;C:\Users\Amadeo\.m2\repository\org\jboss\jandex\2.0.3.Final\jandex-2.0.3.Final.jar;C:\Users\Amadeo\.m2\repository\com\fasterxml\classmate\1.3.4\classmate-1.3.4.jar;C:\Users\Amadeo\.m2\repository\dom4j\dom4j\1.6.1\dom4j-1.6.1.jar;C:\Users\Amadeo\.m2\repository\org\hibernate\common\hibernate-commons-annotations\5.0.1.Final\hibernate-commons-annotations-5.0.1.Final.jar;C:\Users\Amadeo\.m2\repository\org\springframework\data\spring-data-jpa\2.0.10.RELEASE\spring-data-jpa-2.0.10.RELEASE.jar;C:\Users\Amadeo\.m2\repository\org\springframework\data\spring-data-commons\2.0.10.RELEASE\spring-data-commons-2.0.10.RELEASE.jar;C:\Users\Amadeo\.m2\repository\org\springframework\spring-orm\5.0.9.RELEASE\spring-orm-5.0.9.RELEASE.jar;C:\Users\Amadeo\.m2\repository\org\springframework\spring-context\5.0.9.RELEASE\spring-context-5.0.9.RELEASE.jar;C:\Users\Amadeo\.m2\repository\org\springframework\spring-tx\5.0.9.RELEASE\spring-tx-5.0.9.RELEASE.jar;C:\Users\Amadeo\.m2\repository\org\springframework\spring-beans\5.0.9.RELEASE\spring-beans-5.0.9.RELEASE.jar;C:\Users\Amadeo\.m2\repository\org\slf4j\slf4j-api\1.7.25\slf4j-api-1.7.25.jar;C:\Users\Amadeo\.m2\repository\org\springframework\spring-aspects\5.0.9.RELEASE\spring-aspects-5.0.9.RELEASE.jar;C:\Users\Amadeo\.m2\repository\org\springframework\boot\spring-boot-starter-thymeleaf\2.0.5.RELEASE\spring-boot-starter-thymeleaf-2.0.5.RELEASE.jar;C:\Users\Amadeo\.m2\repository\org\thymeleaf\thymeleaf-spring5\3.0.9.RELEASE\thymeleaf-spring5-3.0.9.RELEASE.jar;C:\Users\Amadeo\.m2\repository\org\thymeleaf\thymeleaf\3.0.9.RELEASE\thymeleaf-3.0.9.RELEASE.jar;C:\Users\Amadeo\.m2\repository\org\attoparser\attoparser\2.0.4.RELEASE\attoparser-2.0.4.RELEASE.jar;C:\Users\Amadeo\.m2\repository\org\unbescape\unbescape\1.1.5.RELEASE\unbescape-1.1.5.RELEASE.jar;C:\Users\Amadeo\.m2\repository\org\thymeleaf\extras\thymeleaf-extras-java8time\3.0.1.RELEASE\thymeleaf-extras-java8time-3.0.1.RELEASE.jar;C:\Users\Amadeo\.m2\repository\org\springframework\boot\spring-boot-starter-web\2.0.5.RELEASE\spring-boot-starter-web-2.0.5.RELEASE.jar;C:\Users\Amadeo\.m2\repository\org\springframework\boot\spring-boot-starter-json\2.0.5.RELEASE\spring-boot-starter-json-2.0.5.RELEASE.jar;C:\Users\Amadeo\.m2\repository\com\fasterxml\jackson\core\jackson-databind\2.9.6\jackson-databind-2.9.6.jar;C:\Users\Amadeo\.m2\repository\com\fasterxml\jackson\core\jackson-annotations\2.9.0\jackson-annotations-2.9.0.jar;C:\Users\Amadeo\.m2\repository\com\fasterxml\jackson\core\jackson-core\2.9.6\jackson-core-2.9.6.jar;C:\Users\Amadeo\.m2\repository\com\fasterxml\jackson\datatype\jackson-datatype-jdk8\2.9.6\jackson-datatype-jdk8-2.9.6.jar;C:\Users\Amadeo\.m2\repository\com\fasterxml\jackson\datatype\jackson-datatype-jsr310\2.9.6\jackson-datatype-jsr310-2.9.6.jar;C:\Users\Amadeo\.m2\repository\com\fasterxml\jackson\module\jackson-module-parameter-names\2.9.6\jackson-module-parameter-names-2.9.6.jar;C:\Users\Amadeo\.m2\repository\org\springframework\boot\spring-boot-starter-tomcat\2.0.5.RELEASE\spring-boot-starter-tomcat-2.0.5.RELEASE.jar;C:\Users\Amadeo\.m2\repository\org\apache\tomcat\embed\tomcat-embed-core\8.5.34\tomcat-embed-core-8.5.34.jar;C:\Users\Amadeo\.m2\repository\org\apache\tomcat\embed\tomcat-embed-el\8.5.34\tomcat-embed-el-8.5.34.jar;C:\Users\Amadeo\.m2\repository\org\apache\tomcat\embed\tomcat-embed-websocket\8.5.34\tomcat-embed-websocket-8.5.34.jar;C:\Users\Amadeo\.m2\repository\org\hibernate\validator\hibernate-validator\6.0.12.Final\hibernate-validator-6.0.12.Final.jar;C:\Users\Amadeo\.m2\repository\javax\validation\validation-api\2.0.1.Final\validation-api-2.0.1.Final.jar;C:\Users\Amadeo\.m2\repository\org\springframework\spring-web\5.0.9.RELEASE\spring-web-5.0.9.RELEASE.jar;C:\Users\Amadeo\.m2\repository\org\springframework\spring-webmvc\5.0.9.RELEASE\spring-webmvc-5.0.9.RELEASE.jar;C:\Users\Amadeo\.m2\repository\org\springframework\spring-expression\5.0.9.RELEASE\spring-expression-5.0.9.RELEASE.jar;C:\Users\Amadeo\.m2\repository\org\projectlombok\lombok\1.16.22\lombok-1.16.22.jar;C:\Users\Amadeo\.m2\repository\org\springframework\boot\spring-boot-starter-test\2.0.5.RELEASE\spring-boot-starter-test-2.0.5.RELEASE.jar;C:\Users\Amadeo\.m2\repository\org\springframework\boot\spring-boot-test\2.0.5.RELEASE\spring-boot-test-2.0.5.RELEASE.jar;C:\Users\Amadeo\.m2\repository\org\springframework\boot\spring-boot-test-autoconfigure\2.0.5.RELEASE\spring-boot-test-autoconfigure-2.0.5.RELEASE.jar;C:\Users\Amadeo\.m2\repository\com\jayway\jsonpath\json-path\2.4.0\json-path-2.4.0.jar;C:\Users\Amadeo\.m2\repository\net\minidev\json-smart\2.3\json-smart-2.3.jar;C:\Users\Amadeo\.m2\repository\net\minidev\accessors-smart\1.2\accessors-smart-1.2.jar;C:\Users\Amadeo\.m2\repository\org\ow2\asm\asm\5.0.4\asm-5.0.4.jar;C:\Users\Amadeo\.m2\repository\junit\junit\4.12\junit-4.12.jar;C:\Users\Amadeo\.m2\repository\org\assertj\assertj-core\3.9.1\assertj-core-3.9.1.jar;C:\Users\Amadeo\.m2\repository\org\mockito\mockito-core\2.15.0\mockito-core-2.15.0.jar;C:\Users\Amadeo\.m2\repository\net\bytebuddy\byte-buddy\1.7.11\byte-buddy-1.7.11.jar;C:\Users\Amadeo\.m2\repository\net\bytebuddy\byte-buddy-agent\1.7.11\byte-buddy-agent-1.7.11.jar;C:\Users\Amadeo\.m2\repository\org\objenesis\objenesis\2.6\objenesis-2.6.jar;C:\Users\Amadeo\.m2\repository\org\hamcrest\hamcrest-core\1.3\hamcrest-core-1.3.jar;C:\Users\Amadeo\.m2\repository\org\hamcrest\hamcrest-library\1.3\hamcrest-library-1.3.jar;C:\Users\Amadeo\.m2\repository\org\skyscreamer\jsonassert\1.5.0\jsonassert-1.5.0.jar;C:\Users\Amadeo\.m2\repository\com\vaadin\external\google\android-json\0.0.20131108.vaadin1\android-json-0.0.20131108.vaadin1.jar;C:\Users\Amadeo\.m2\repository\org\springframework\spring-core\5.0.9.RELEASE\spring-core-5.0.9.RELEASE.jar;C:\Users\Amadeo\.m2\repository\org\springframework\spring-jcl\5.0.9.RELEASE\spring-jcl-5.0.9.RELEASE.jar;C:\Users\Amadeo\.m2\repository\org\springframework\spring-test\5.0.9.RELEASE\spring-test-5.0.9.RELEASE.jar;C:\Users\Amadeo\.m2\repository\org\xmlunit\xmlunit-core\2.5.1\xmlunit-core-2.5.1.jar;C:\Users\Amadeo\.m2\repository\org\springframework\boot\spring-boot-devtools\2.0.5.RELEASE\spring-boot-devtools-2.0.5.RELEASE.jar;C:\Users\Amadeo\.m2\repository\org\springframework\boot\spring-boot\2.0.5.RELEASE\spring-boot-2.0.5.RELEASE.jar;C:\Users\Amadeo\.m2\repository\org\springframework\boot\spring-boot-autoconfigure\2.0.5.RELEASE\spring-boot-autoconfigure-2.0.5.RELEASE.jar;C:\Users\Amadeo\.m2\repository\com\h2database\h2\1.4.197\h2-1.4.197.jar;, user.name=Amadeo, java.vm.specification.version=1.8, sun.java.command=C:\Users\Amadeo\AppData\Local\Temp\surefire5383766252962187626\surefirebooter5282869594831516707.jar C:\Users\Amadeo\AppData\Local\Temp\surefire5383766252962187626 2018-10-06T22-32-49_455-jvmRun1 surefire5025413021797742761tmp surefire_06138421718125176333tmp, java.home=C:\Program Files\Java\jdk1.8.0_161\jre, sun.arch.data.model=64, user.language=es, java.specification.vendor=Oracle Corporation, awt.toolkit=sun.awt.windows.WToolkit, java.vm.info=mixed mode, java.version=1.8.0_161, java.ext.dirs=C:\Program Files\Java\jdk1.8.0_161\jre\lib\ext;C:\WINDOWS\Sun\Java\lib\ext, sun.boot.class.path=C:\Program Files\Java\jdk1.8.0_161\jre\lib\resources.jar;C:\Program Files\Java\jdk1.8.0_161\jre\lib\rt.jar;C:\Program Files\Java\jdk1.8.0_161\jre\lib\sunrsasign.jar;C:\Program Files\Java\jdk1.8.0_161\jre\lib\jsse.jar;C:\Program Files\Java\jdk1.8.0_161\jre\lib\jce.jar;C:\Program Files\Java\jdk1.8.0_161\jre\lib\charsets.jar;C:\Program Files\Java\jdk1.8.0_161\jre\lib\jfr.jar;C:\Program Files\Java\jdk1.8.0_161\jre\classes, java.vendor=Oracle Corporation, localRepository=C:\Users\Amadeo\.m2\repository, file.separator=\, java.vendor.url.bug=http://bugreport.sun.com/bugreport/, sun.io.unicode.encoding=UnicodeLittle, sun.cpu.endian=little, sun.desktop=windows, sun.cpu.isalist=amd64}}, SystemEnvironmentPropertySource@255334292 {name='systemEnvironment', properties={PATH=C:\Python36\Scripts\;C:\Python36\;C:\Program Files (x86)\Common Files\Oracle\Java\javapath;C:\ProgramData\Oracle\Java\javapath;C:\WINDOWS\system32;C:\WINDOWS;C:\WINDOWS\System32\Wbem;C:\WINDOWS\System32\WindowsPowerShell\v1.0\;C:\Program Files\Microsoft SQL Server\130\Tools\Binn\;C:\Program Files\Java\jdk1.8.0_161\bin;C:\WINDOWS\System32\OpenSSH\;D:\PROGRAMACION\AUTOMATION\maven\apache-maven-3.5.4\bin;C:\Program Files\Git\cmd;C:\Python\Scripts\;C:\Python\;C:\Users\Amadeo\AppData\Local\Microsoft\WindowsApps;C:\Program Files\Java\jdk-8.bin;, USERDOMAIN_ROAMINGPROFILE=DESKTOP-G39R0KJ, PROCESSOR_LEVEL=21, SYSTEMDRIVE=C:, SESSIONNAME=Console, ALLUSERSPROFILE=C:\ProgramData, PROCESSOR_ARCHITECTURE=AMD64, DRIVERDATA=C:\Windows\System32\Drivers\DriverData, NB_EXEC_MAVEN_PROCESS_UUID=8299e46f-be58-4864-a7cc-44ac37a571cd, PROGRAMFILES=C:\Program Files, MOZ_PLUGIN_PATH=C:\Program Files (x86)\Foxit Software\Foxit Reader\plugins\, PSMODULEPATH=C:\Program Files\WindowsPowerShell\Modules;C:\WINDOWS\system32\WindowsPowerShell\v1.0\Modules, PROGRAMDATA=C:\ProgramData, USERNAME=Amadeo, JRE-HOME=C:\Program Files\Java\jre1.8.0_161, FPS_BROWSER_USER_PROFILE_STRING=Default, ONEDRIVE=C:\Users\Amadeo\OneDrive, PATHEXT=.COM;.EXE;.BAT;.CMD;.VBS;.VBE;.JS;.JSE;.WSF;.WSH;.MSC;.PY;.PYW, CLASSWORLDS_JAR="C:\Program Files\NetBeans 8.2\java\maven\boot\plexus-classworlds-2.4.jar", WINDIR=C:\WINDOWS, HOMEPATH=\Users\Amadeo, PROCESSOR_IDENTIFIER=AMD64 Family 21 Model 101 Stepping 1, AuthenticAMD, M2_HOME=C:\Program Files\NetBeans 8.2\java\maven, MAVEN_JAVA_EXE="C:\Program Files\Java\jdk1.8.0_161\bin\java.exe", PUBLIC=C:\Users\Public, =::=::\, LOCALAPPDATA=C:\Users\Amadeo\AppData\Local, COMMONPROGRAMFILES(X86)=C:\Program Files (x86)\Common Files, USERDOMAIN=DESKTOP-G39R0KJ, FPS_BROWSER_APP_PROFILE_STRING=Internet Explorer, LOGONSERVER=\\DESKTOP-G39R0KJ, JAVA_HOME=C:\Program Files\Java\jdk1.8.0_161, PROMPT=$P$G, PROGRAMFILES(X86)=C:\Program Files (x86), ERROR_CODE=0, APPDATA=C:\Users\Amadeo\AppData\Roaming, PROGRAMW6432=C:\Program Files, SYSTEMROOT=C:\WINDOWS, MAVEN_CMD_LINE_ARGS=-Dmaven.ext.class.path="C:\Program Files\NetBeans 8.2\java\maven-nblib\netbeans-eventspy.jar" -Dfile.encoding=UTF-8 install, OS=Windows_NT, COMMONPROGRAMW6432=C:\Program Files\Common Files, COMPUTERNAME=DESKTOP-G39R0KJ, COMMONPROGRAMFILES=C:\Program Files\Common Files, COMSPEC=C:\WINDOWS\system32\cmd.exe, JD2_HOME=C:\Users\Amadeo\AppData\Local\JDownloader v2.0, PROCESSOR_REVISION=6501, CLASSWORLDS_LAUNCHER=org.codehaus.plexus.classworlds.launcher.Launcher, =D:=D:\Programacion\JAVA\Informatorio\Tp6\banco\banco, TEMP=C:\Users\Amadeo\AppData\Local\Temp, HOMEDRIVE=C:, USERPROFILE=C:\Users\Amadeo, TMP=C:\Users\Amadeo\AppData\Local\Temp, NUMBER_OF_PROCESSORS=4, HOME=C:\Users\Amadeo}}]
22:32:54.433 [main] DEBUG org.springframework.test.context.support.TestPropertySourceUtils - Adding inlined properties to environment: {spring.jmx.enabled=false, org.springframework.boot.test.context.SpringBootTestContextBootstrapper=true, server.port=-1}
22:32:54.433 [main] DEBUG org.springframework.core.env.StandardEnvironment - Adding PropertySource 'Inlined Test Properties' with highest search precedence

  .   ____          _            __ _ _
 /\\ / ___'_ __ _ _(_)_ __  __ _ \ \ \ \
( ( )\___ | '_ | '_| | '_ \/ _` | \ \ \ \
 \\/  ___)| |_)| | | | | || (_| |  ) ) ) )
  '  |____| .__|_| |_|_| |_\__, | / / / /
 =========|_|==============|___/=/_/_/_/
 :: Spring Boot ::        (v2.0.5.RELEASE)

2018-10-06 22:32:55.355  INFO 9816 --- [           main] c.info.tp6.banco.BancoApplicationTests   : Starting BancoApplicationTests on DESKTOP-G39R0KJ with PID 9816 (started by Amadeo in D:\Programacion\JAVA\Informatorio\Tp6\banco\banco)
2018-10-06 22:32:55.371  INFO 9816 --- [           main] c.info.tp6.banco.BancoApplicationTests   : No active profile set, falling back to default profiles: default
2018-10-06 22:32:55.527  INFO 9816 --- [           main] o.s.w.c.s.GenericWebApplicationContext   : Refreshing org.springframework.web.context.support.GenericWebApplicationContext@6e535154: startup date [Sat Oct 06 22:32:55 ART 2018]; root of context hierarchy
2018-10-06 22:33:00.110  INFO 9816 --- [           main] trationDelegate$BeanPostProcessorChecker : Bean 'org.springframework.transaction.annotation.ProxyTransactionManagementConfiguration' of type [org.springframework.transaction.annotation.ProxyTransactionManagementConfiguration$$EnhancerBySpringCGLIB$$edbf20a] is not eligible for getting processed by all BeanPostProcessors (for example: not eligible for auto-proxying)
2018-10-06 22:33:00.688  INFO 9816 --- [           main] com.zaxxer.hikari.HikariDataSource       : HikariPool-1 - Starting...
2018-10-06 22:33:01 jdbc[3]: 
/*SQL */SET DB_CLOSE_DELAY -1;
2018-10-06 22:33:01 jdbc[3]: 
/*SQL */CREATE SCHEMA IF NOT EXISTS xxx;
2018-10-06 22:33:01 jdbc[3]: 
/*SQL */SET SCHEMA xxx;
2018-10-06 22:33:01 jdbc[3]: 
/**/Connection conn0 = DriverManager.getConnection("jdbc:h2:mem:Banco;DB_CLOSE_DELAY=-1;TRACE_LEVEL_SYSTEM_OUT=2;INIT=CREATE SCHEMA IF NOT EXISTS xxx\\;SET SCHEMA xxx", "SA", "");
2018-10-06 22:33:01 jdbc[3]: 
/*SQL #:1 t:3*/CALL LOCK_MODE();
2018-10-06 22:33:01 jdbc[3]: 
/*SQL #:1*/CALL LOCK_MODE();
2018-10-06 22:33:01.869  INFO 9816 --- [           main] com.zaxxer.hikari.HikariDataSource       : HikariPool-1 - Start completed.
2018-10-06 22:33:01.916  INFO 9816 --- [           main] o.s.jdbc.datasource.init.ScriptUtils     : Executing SQL script from URL [file:/D:/Programacion/JAVA/Informatorio/Tp6/banco/banco/target/classes/schema.sql]
2018-10-06 22:33:01 jdbc[3]: 
/*SQL */DROP TABLE IF EXISTS Banco;
2018-10-06 22:33:01 jdbc[3]: 
/*SQL t:9*/CREATE TABLE Banco( id_banco varchar(64), nombre varchar(200), pais varchar(30), domicilio varchar(200), PRIMARY KEY(id_banco) );
2018-10-06 22:33:01.947  INFO 9816 --- [           main] o.s.jdbc.datasource.init.ScriptUtils     : Executed SQL script from URL [file:/D:/Programacion/JAVA/Informatorio/Tp6/banco/banco/target/classes/schema.sql] in 31 ms.
2018-10-06 22:33:01.947  INFO 9816 --- [           main] o.s.jdbc.datasource.init.ScriptUtils     : Executing SQL script from URL [file:/D:/Programacion/JAVA/Informatorio/Tp6/banco/banco/target/classes/data.sql]
2018-10-06 22:33:01 jdbc[3]: exception
2018-10-06 22:33:01.963  WARN 9816 --- [           main] o.s.w.c.s.GenericWebApplicationContext   : Exception encountered during context initialization - cancelling refresh attempt: org.springframework.beans.factory.UnsatisfiedDependencyException: Error creating bean with name 'inMemoryDatabaseShutdownExecutor' defined in class path resource [org/springframework/boot/devtools/autoconfigure/DevToolsDataSourceAutoConfiguration.class]: Unsatisfied dependency expressed through method 'inMemoryDatabaseShutdownExecutor' parameter 0; nested exception is org.springframework.beans.factory.BeanCreationException: Error creating bean with name 'dataSource' defined in class path resource [org/springframework/boot/autoconfigure/jdbc/DataSourceConfiguration$Hikari.class]: Initialization of bean failed; nested exception is org.springframework.beans.factory.BeanCreationException: Error creating bean with name 'org.springframework.boot.autoconfigure.jdbc.DataSourceInitializerInvoker': Invocation of init method failed; nested exception is org.springframework.jdbc.datasource.init.ScriptStatementFailedException: Failed to execute SQL script statement #1 of URL [file:/D:/Programacion/JAVA/Informatorio/Tp6/banco/banco/target/classes/data.sql]: INSERT INTO Banco(id_banco, nombre, pais, domicilio) VALUE(1,'Tenemos tu Dinerillo', 'Argentina', 'Hernandaria 789'); nested exception is org.h2.jdbc.JdbcSQLException: Error de Sintaxis en sentencia SQL "INSERT INTO BANCO(ID_BANCO, NOMBRE, PAIS, DOMICILIO) VALUE[*](1,'Tenemos tu Dinerillo', 'Argentina', 'Hernandaria 789') "; se esperaba "DIRECT, SORTED, DEFAULT, VALUES, SET, (, WITH, SELECT, FROM"
Syntax error in SQL statement "INSERT INTO BANCO(ID_BANCO, NOMBRE, PAIS, DOMICILIO) VALUE[*](1,'Tenemos tu Dinerillo', 'Argentina', 'Hernandaria 789') "; expected "DIRECT, SORTED, DEFAULT, VALUES, SET, (, WITH, SELECT, FROM"; SQL statement:
INSERT INTO Banco(id_banco, nombre, pais, domicilio) VALUE(1,'Tenemos tu Dinerillo', 'Argentina', 'Hernandaria 789') [42001-197]
2018-10-06 22:33:01 database: connecting session #4 to mem:Banco
2018-10-06 22:33:01 jdbc[4]: 
/*SQL */SET TRACE_LEVEL_SYSTEM_OUT 2;
2018-10-06 22:33:01 jdbc[4]: 
/*SQL */SET DB_CLOSE_DELAY -1;
2018-10-06 22:33:01 jdbc[4]: 
/*SQL */CREATE SCHEMA IF NOT EXISTS xxx;
2018-10-06 22:33:01 jdbc[4]: 
/*SQL */SET SCHEMA xxx;
2018-10-06 22:33:01 jdbc[4]: 
/**/Connection conn1 = DriverManager.getConnection("jdbc:h2:mem:Banco;DB_CLOSE_DELAY=-1;TRACE_LEVEL_SYSTEM_OUT=2;INIT=CREATE SCHEMA IF NOT EXISTS xxx\\;SET SCHEMA xxx", "SA", "");
2018-10-06 22:33:01 database: connecting session #5 to mem:Banco
2018-10-06 22:33:01 jdbc[5]: 
/*SQL */SET TRACE_LEVEL_SYSTEM_OUT 2;
2018-10-06 22:33:01 jdbc[5]: 
/*SQL */SET DB_CLOSE_DELAY -1;
2018-10-06 22:33:01 jdbc[5]: 
/*SQL */CREATE SCHEMA IF NOT EXISTS xxx;
2018-10-06 22:33:01 jdbc[5]: 
/*SQL */SET SCHEMA xxx;
2018-10-06 22:33:02 jdbc[5]: 
/**/Connection conn2 = DriverManager.getConnection("jdbc:h2:mem:Banco;DB_CLOSE_DELAY=-1;TRACE_LEVEL_SYSTEM_OUT=2;INIT=CREATE SCHEMA IF NOT EXISTS xxx\\;SET SCHEMA xxx", "SA", "");
2018-10-06 22:33:02 database: connecting session #6 to mem:Banco
2018-10-06 22:33:02 jdbc[6]: 
/*SQL */SET TRACE_LEVEL_SYSTEM_OUT 2;
2018-10-06 22:33:02 jdbc[6]: 
/*SQL */SET DB_CLOSE_DELAY -1;
2018-10-06 22:33:02 jdbc[6]: 
/*SQL */CREATE SCHEMA IF NOT EXISTS xxx;
2018-10-06 22:33:02 jdbc[6]: 
/*SQL */SET SCHEMA xxx;
2018-10-06 22:33:02 jdbc[6]: 
/**/Connection conn3 = DriverManager.getConnection("jdbc:h2:mem:Banco;DB_CLOSE_DELAY=-1;TRACE_LEVEL_SYSTEM_OUT=2;INIT=CREATE SCHEMA IF NOT EXISTS xxx\\;SET SCHEMA xxx", "SA", "");
2018-10-06 22:33:02 database: connecting session #7 to mem:Banco
2018-10-06 22:33:02 jdbc[7]: 
/*SQL */SET TRACE_LEVEL_SYSTEM_OUT 2;
2018-10-06 22:33:02 jdbc[7]: 
/*SQL */SET DB_CLOSE_DELAY -1;
2018-10-06 22:33:02 jdbc[7]: 
/*SQL */CREATE SCHEMA IF NOT EXISTS xxx;
2018-10-06 22:33:02 jdbc[7]: 
/*SQL */SET SCHEMA xxx;
2018-10-06 22:33:02 jdbc[7]: 
/**/Connection conn4 = DriverManager.getConnection("jdbc:h2:mem:Banco;DB_CLOSE_DELAY=-1;TRACE_LEVEL_SYSTEM_OUT=2;INIT=CREATE SCHEMA IF NOT EXISTS xxx\\;SET SCHEMA xxx", "SA", "");
2018-10-06 22:33:02.026  INFO 9816 --- [           main] ConditionEvaluationReportLoggingListener : 

Error starting ApplicationContext. To display the conditions report re-run your application with 'debug' enabled.
2018-10-06 22:33:02 database: connecting session #8 to mem:Banco
2018-10-06 22:33:02 jdbc[8]: 
/*SQL */SET TRACE_LEVEL_SYSTEM_OUT 2;
2018-10-06 22:33:02 jdbc[8]: 
/*SQL */SET DB_CLOSE_DELAY -1;
2018-10-06 22:33:02 jdbc[8]: 
/*SQL */CREATE SCHEMA IF NOT EXISTS xxx;
2018-10-06 22:33:02 jdbc[8]: 
/*SQL */SET SCHEMA xxx;
2018-10-06 22:33:02 jdbc[8]: 
/**/Connection conn5 = DriverManager.getConnection("jdbc:h2:mem:Banco;DB_CLOSE_DELAY=-1;TRACE_LEVEL_SYSTEM_OUT=2;INIT=CREATE SCHEMA IF NOT EXISTS xxx\\;SET SCHEMA xxx", "SA", "");
2018-10-06 22:33:02 database: connecting session #9 to mem:Banco
2018-10-06 22:33:02 jdbc[9]: 
/*SQL */SET TRACE_LEVEL_SYSTEM_OUT 2;
2018-10-06 22:33:02 jdbc[9]: 
/*SQL */SET DB_CLOSE_DELAY -1;
2018-10-06 22:33:02 jdbc[9]: 
/*SQL */CREATE SCHEMA IF NOT EXISTS xxx;
2018-10-06 22:33:02 jdbc[9]: 
/*SQL */SET SCHEMA xxx;
2018-10-06 22:33:02 jdbc[9]: 
/**/Connection conn6 = DriverManager.getConnection("jdbc:h2:mem:Banco;DB_CLOSE_DELAY=-1;TRACE_LEVEL_SYSTEM_OUT=2;INIT=CREATE SCHEMA IF NOT EXISTS xxx\\;SET SCHEMA xxx", "SA", "");
2018-10-06 22:33:02 database: connecting session #10 to mem:Banco
2018-10-06 22:33:02 jdbc[10]: 
/*SQL */SET TRACE_LEVEL_SYSTEM_OUT 2;
2018-10-06 22:33:02 jdbc[10]: 
/*SQL */SET DB_CLOSE_DELAY -1;
2018-10-06 22:33:02 jdbc[10]: 
/*SQL */CREATE SCHEMA IF NOT EXISTS xxx;
2018-10-06 22:33:02 jdbc[10]: 
/*SQL */SET SCHEMA xxx;
2018-10-06 22:33:02 jdbc[10]: 
/**/Connection conn7 = DriverManager.getConnection("jdbc:h2:mem:Banco;DB_CLOSE_DELAY=-1;TRACE_LEVEL_SYSTEM_OUT=2;INIT=CREATE SCHEMA IF NOT EXISTS xxx\\;SET SCHEMA xxx", "SA", "");
2018-10-06 22:33:02 database: connecting session #11 to mem:Banco
2018-10-06 22:33:02 jdbc[11]: 
/*SQL */SET TRACE_LEVEL_SYSTEM_OUT 2;
2018-10-06 22:33:02 jdbc[11]: 
/*SQL */SET DB_CLOSE_DELAY -1;
2018-10-06 22:33:02 jdbc[11]: 
/*SQL */CREATE SCHEMA IF NOT EXISTS xxx;
2018-10-06 22:33:02 jdbc[11]: 
/*SQL */SET SCHEMA xxx;
2018-10-06 22:33:02 jdbc[11]: 
/**/Connection conn8 = DriverManager.getConnection("jdbc:h2:mem:Banco;DB_CLOSE_DELAY=-1;TRACE_LEVEL_SYSTEM_OUT=2;INIT=CREATE SCHEMA IF NOT EXISTS xxx\\;SET SCHEMA xxx", "SA", "");
2018-10-06 22:33:02 database: connecting session #12 to mem:Banco
2018-10-06 22:33:02 jdbc[12]: 
/*SQL */SET TRACE_LEVEL_SYSTEM_OUT 2;
2018-10-06 22:33:02 jdbc[12]: 
/*SQL */SET DB_CLOSE_DELAY -1;
2018-10-06 22:33:02 jdbc[12]: 
/*SQL */CREATE SCHEMA IF NOT EXISTS xxx;
2018-10-06 22:33:02 jdbc[12]: 
/*SQL */SET SCHEMA xxx;
2018-10-06 22:33:02 jdbc[12]: 
/**/Connection conn9 = DriverManager.getConnection("jdbc:h2:mem:Banco;DB_CLOSE_DELAY=-1;TRACE_LEVEL_SYSTEM_OUT=2;INIT=CREATE SCHEMA IF NOT EXISTS xxx\\;SET SCHEMA xxx", "SA", "");
2018-10-06 22:33:02.072 ERROR 9816 --- [           main] o.s.boot.SpringApplication               : Application run failed

org.springframework.beans.factory.UnsatisfiedDependencyException: Error creating bean with name 'inMemoryDatabaseShutdownExecutor' defined in class path resource [org/springframework/boot/devtools/autoconfigure/DevToolsDataSourceAutoConfiguration.class]: Unsatisfied dependency expressed through method 'inMemoryDatabaseShutdownExecutor' parameter 0; nested exception is org.springframework.beans.factory.BeanCreationException: Error creating bean with name 'dataSource' defined in class path resource [org/springframework/boot/autoconfigure/jdbc/DataSourceConfiguration$Hikari.class]: Initialization of bean failed; nested exception is org.springframework.beans.factory.BeanCreationException: Error creating bean with name 'org.springframework.boot.autoconfigure.jdbc.DataSourceInitializerInvoker': Invocation of init method failed; nested exception is org.springframework.jdbc.datasource.init.ScriptStatementFailedException: Failed to execute SQL script statement #1 of URL [file:/D:/Programacion/JAVA/Informatorio/Tp6/banco/banco/target/classes/data.sql]: INSERT INTO Banco(id_banco, nombre, pais, domicilio) VALUE(1,'Tenemos tu Dinerillo', 'Argentina', 'Hernandaria 789'); nested exception is org.h2.jdbc.JdbcSQLException: Error de Sintaxis en sentencia SQL "INSERT INTO BANCO(ID_BANCO, NOMBRE, PAIS, DOMICILIO) VALUE[*](1,'Tenemos tu Dinerillo', 'Argentina', 'Hernandaria 789') "; se esperaba "DIRECT, SORTED, DEFAULT, VALUES, SET, (, WITH, SELECT, FROM"
Syntax error in SQL statement "INSERT INTO BANCO(ID_BANCO, NOMBRE, PAIS, DOMICILIO) VALUE[*](1,'Tenemos tu Dinerillo', 'Argentina', 'Hernandaria 789') "; expected "DIRECT, SORTED, DEFAULT, VALUES, SET, (, WITH, SELECT, FROM"; SQL statement:
INSERT INTO Banco(id_banco, nombre, pais, domicilio) VALUE(1,'Tenemos tu Dinerillo', 'Argentina', 'Hernandaria 789') [42001-197]
[...]
	at org.apache.maven.surefire.junit4.JUnit4Provider.executeWithRerun(JUnit4Provider.java:273) [surefire-junit4-2.21.0.jar:2.21.0]
	at org.apache.maven.surefire.junit4.JUnit4Provider.executeTestSet(JUnit4Provider.java:238) [surefire-junit4-2.21.0.jar:2.21.0]
	at org.apache.maven.surefire.junit4.JUnit4Provider.invoke(JUnit4Provider.java:159) [surefire-junit4-2.21.0.jar:2.21.0]
	at org.apache.maven.surefire.booter.ForkedBooter.invokeProviderInSameClassLoader(ForkedBooter.java:379) [surefire-booter-2.21.0.jar:2.21.0]
	at org.apache.maven.surefire.booter.ForkedBooter.runSuitesInProcess(ForkedBooter.java:340) [surefire-booter-2.21.0.jar:2.21.0]
	at org.apache.maven.surefire.booter.ForkedBooter.execute(ForkedBooter.java:125) [surefire-booter-2.21.0.jar:2.21.0]
	at org.apache.maven.surefire.booter.ForkedBooter.main(ForkedBooter.java:413) [surefire-booter-2.21.0.jar:2.21.0]
Caused by: org.springframework.beans.factory.UnsatisfiedDependencyException: Error creating bean with name 'inMemoryDatabaseShutdownExecutor' defined in class path resource [org/springframework/boot/devtools/autoconfigure/DevToolsDataSourceAutoConfiguration.class]: Unsatisfied dependency expressed through method 'inMemoryDatabaseShutdownExecutor' parameter 0; nested exception is org.springframework.beans.factory.BeanCreationException: Error creating bean with name 'dataSource' defined in class path resource [org/springframework/boot/autoconfigure/jdbc/DataSourceConfiguration$Hikari.class]: Initialization of bean failed; nested exception is org.springframework.beans.factory.BeanCreationException: Error creating bean with name 'org.springframework.boot.autoconfigure.jdbc.DataSourceInitializerInvoker': Invocation of init method failed; nested exception is org.springframework.jdbc.datasource.init.ScriptStatementFailedException: Failed to execute SQL script statement #1 of URL [file:/D:/Programacion/JAVA/Informatorio/Tp6/banco/banco/target/classes/data.sql]: INSERT INTO Banco(id_banco, nombre, pais, domicilio) VALUE(1,'Tenemos tu Dinerillo', 'Argentina', 'Hernandaria 789'); nested exception is org.h2.jdbc.JdbcSQLException: Error de Sintaxis en sentencia SQL "INSERT INTO BANCO(ID_BANCO, NOMBRE, PAIS, DOMICILIO) VALUE[*](1,'Tenemos tu Dinerillo', 'Argentina', 'Hernandaria 789') "; se esperaba "DIRECT, SORTED, DEFAULT, VALUES, SET, (, WITH, SELECT, FROM"
Syntax error in SQL statement "INSERT INTO BANCO(ID_BANCO, NOMBRE, PAIS, DOMICILIO) VALUE[*](1,'Tenemos tu Dinerillo', 'Argentina', 'Hernandaria 789') "; expected "DIRECT, SORTED, DEFAULT, VALUES, SET, (, WITH, SELECT, FROM"; SQL statement:
INSERT INTO Banco(id_banco, nombre, pais, domicilio) VALUE(1,'Tenemos tu Dinerillo', 'Argentina', 'Hernandaria 789') [42001-197]
	at org.springframework.beans.factory.support.ConstructorResolver.createArgumentArray(ConstructorResolver.java:732) ~[spring-beans-5.0.9.RELEASE.jar:5.0.9.RELEASE]
	at org.springframework.beans.factory.support.ConstructorResolver.instantiateUsingFactoryMethod(ConstructorResolver.java:474) ~[spring-beans-5.0.9.RELEASE.jar:5.0.9.RELEASE]
	at org.springframework.beans.factory.support.AbstractAutowireCapableBeanFactory.instantiateUsingFactoryMethod(AbstractAutowireCapableBeanFactory.java:1247) ~[spring-beans-5.0.9.RELEASE.jar:5.0.9.RELEASE]
	at org.springframework.beans.factory.support.AbstractAutowireCapableBeanFactory.createBeanInstance(AbstractAutowireCapableBeanFactory.java:1096) ~[spring-beans-5.0.9.RELEASE.jar:5.0.9.RELEASE]
	at org.springframework.beans.factory.support.AbstractAutowireCapableBeanFactory.doCreateBean(AbstractAutowireCapableBeanFactory.java:535) ~[spring-beans-5.0.9.RELEASE.jar:5.0.9.RELEASE]
	at org.springframework.beans.factory.support.AbstractAutowireCapableBeanFactory.createBean(AbstractAutowireCapableBeanFactory.java:495) ~[spring-beans-5.0.9.RELEASE.jar:5.0.9.RELEASE]
	at org.springframework.beans.factory.support.AbstractBeanFactory.lambda$doGetBean$0(AbstractBeanFactory.java:317) ~[spring-beans-5.0.9.RELEASE.jar:5.0.9.RELEASE]
	at org.springframework.beans.factory.support.DefaultSingletonBeanRegistry.getSingleton(DefaultSingletonBeanRegistry.java:222) ~[spring-beans-5.0.9.RELEASE.jar:5.0.9.RELEASE]
	at org.springframework.beans.factory.support.AbstractBeanFactory.doGetBean(AbstractBeanFactory.java:315) ~[spring-beans-5.0.9.RELEASE.jar:5.0.9.RELEASE]
	at org.springframework.beans.factory.support.AbstractBeanFactory.getBean(AbstractBeanFactory.java:199) ~[spring-beans-5.0.9.RELEASE.jar:5.0.9.RELEASE]
	at org.springframework.beans.factory.support.AbstractBeanFactory.doGetBean(AbstractBeanFactory.java:304) ~[spring-beans-5.0.9.RELEASE.jar:5.0.9.RELEASE]
	at org.springframework.beans.factory.support.AbstractBeanFactory.getBean(AbstractBeanFactory.java:199) ~[spring-beans-5.0.9.RELEASE.jar:5.0.9.RELEASE]
	at org.springframework.context.support.AbstractApplicationContext.getBean(AbstractApplicationContext.java:1089) ~[spring-context-5.0.9.RELEASE.jar:5.0.9.RELEASE]
	at org.springframework.context.support.AbstractApplicationContext.finishBeanFactoryInitialization(AbstractApplicationContext.java:859) ~[spring-context-5.0.9.RELEASE.jar:5.0.9.RELEASE]
	at org.springframework.context.support.AbstractApplicationContext.refresh(AbstractApplicationContext.java:550) ~[spring-context-5.0.9.RELEASE.jar:5.0.9.RELEASE]
	at org.springframework.boot.SpringApplication.refresh(SpringApplication.java:780) ~[spring-boot-2.0.5.RELEASE.jar:2.0.5.RELEASE]
	at org.springframework.boot.SpringApplication.refreshContext(SpringApplication.java:412) ~[spring-boot-2.0.5.RELEASE.jar:2.0.5.RELEASE]
	at org.springframework.boot.SpringApplication.run(SpringApplication.java:333) ~[spring-boot-2.0.5.RELEASE.jar:2.0.5.RELEASE]
	at org.springframework.boot.test.context.SpringBootContextLoader.loadContext(SpringBootContextLoader.java:139) ~[spring-boot-test-2.0.5.RELEASE.jar:2.0.5.RELEASE]
	at org.springframework.test.context.cache.DefaultCacheAwareContextLoaderDelegate.loadContextInternal(DefaultCacheAwareContextLoaderDelegate.java:99) ~[spring-test-5.0.9.RELEASE.jar:5.0.9.RELEASE]
	at org.springframework.test.context.cache.DefaultCacheAwareContextLoaderDelegate.loadContext(DefaultCacheAwareContextLoaderDelegate.java:117) ~[spring-test-5.0.9.RELEASE.jar:5.0.9.RELEASE]
	... 27 common frames omitted
Caused by: org.springframework.beans.factory.BeanCreationException: Error creating bean with name 'dataSource' defined in class path resource [org/springframework/boot/autoconfigure/jdbc/DataSourceConfiguration$Hikari.class]: Initialization of bean failed; nested exception is org.springframework.beans.factory.BeanCreationException: Error creating bean with name 'org.springframework.boot.autoconfigure.jdbc.DataSourceInitializerInvoker': Invocation of init method failed; nested exception is org.springframework.jdbc.datasource.init.ScriptStatementFailedException: Failed to execute SQL script statement #1 of URL [file:/D:/Programacion/JAVA/Informatorio/Tp6/banco/banco/target/classes/data.sql]: INSERT INTO Banco(id_banco, nombre, pais, domicilio) VALUE(1,'Tenemos tu Dinerillo', 'Argentina', 'Hernandaria 789'); nested exception is org.h2.jdbc.JdbcSQLException: Error de Sintaxis en sentencia SQL "INSERT INTO BANCO(ID_BANCO, NOMBRE, PAIS, DOMICILIO) VALUE[*](1,'Tenemos tu Dinerillo', 'Argentina', 'Hernandaria 789') "; se esperaba "DIRECT, SORTED, DEFAULT, VALUES, SET, (, WITH, SELECT, FROM"
Syntax error in SQL statement "INSERT INTO BANCO(ID_BANCO, NOMBRE, PAIS, DOMICILIO) VALUE[*](1,'Tenemos tu Dinerillo', 'Argentina', 'Hernandaria 789') "; expected "DIRECT, SORTED, DEFAULT, VALUES, SET, (, WITH, SELECT, FROM"; SQL statement:
INSERT INTO Banco(id_banco, nombre, pais, domicilio) VALUE(1,'Tenemos tu Dinerillo', 'Argentina', 'Hernandaria 789') [42001-197]
	at org.springframework.beans.factory.support.AbstractAutowireCapableBeanFactory.doCreateBean(AbstractAutowireCapableBeanFactory.java:581) ~[spring-beans-5.0.9.RELEASE.jar:5.0.9.RELEASE]
	at org.springframework.beans.factory.support.AbstractAutowireCapableBeanFactory.createBean(AbstractAutowireCapableBeanFactory.java:495) ~[spring-beans-5.0.9.RELEASE.jar:5.0.9.RELEASE]
	at org.springframework.beans.factory.support.AbstractBeanFactory.lambda$doGetBean$0(AbstractBeanFactory.java:317) ~[spring-beans-5.0.9.RELEASE.jar:5.0.9.RELEASE]
	at org.springframework.beans.factory.support.DefaultSingletonBeanRegistry.getSingleton(DefaultSingletonBeanRegistry.java:222) ~[spring-beans-5.0.9.RELEASE.jar:5.0.9.RELEASE]
	at org.springframework.beans.factory.support.AbstractBeanFactory.doGetBean(AbstractBeanFactory.java:315) ~[spring-beans-5.0.9.RELEASE.jar:5.0.9.RELEASE]
	at org.springframework.beans.factory.support.AbstractBeanFactory.getBean(AbstractBeanFactory.java:199) ~[spring-beans-5.0.9.RELEASE.jar:5.0.9.RELEASE]
	at org.springframework.beans.factory.config.DependencyDescriptor.resolveCandidate(DependencyDescriptor.java:251) ~[spring-beans-5.0.9.RELEASE.jar:5.0.9.RELEASE]
	at org.springframework.beans.factory.support.DefaultListableBeanFactory.doResolveDependency(DefaultListableBeanFactory.java:1135) ~[spring-beans-5.0.9.RELEASE.jar:5.0.9.RELEASE]
	at org.springframework.beans.factory.support.DefaultListableBeanFactory.resolveDependency(DefaultListableBeanFactory.java:1062) ~[spring-beans-5.0.9.RELEASE.jar:5.0.9.RELEASE]
	at org.springframework.beans.factory.support.ConstructorResolver.resolveAutowiredArgument(ConstructorResolver.java:818) ~[spring-beans-5.0.9.RELEASE.jar:5.0.9.RELEASE]
	at org.springframework.beans.factory.support.ConstructorResolver.createArgumentArray(ConstructorResolver.java:724) ~[spring-beans-5.0.9.RELEASE.jar:5.0.9.RELEASE]
	... 47 common frames omitted
Caused by: org.springframework.beans.factory.BeanCreationException: Error creating bean with name 'org.springframework.boot.autoconfigure.jdbc.DataSourceInitializerInvoker': Invocation of init method failed; nested exception is org.springframework.jdbc.datasource.init.ScriptStatementFailedException: Failed to execute SQL script statement #1 of URL [file:/D:/Programacion/JAVA/Informatorio/Tp6/banco/banco/target/classes/data.sql]: INSERT INTO Banco(id_banco, nombre, pais, domicilio) VALUE(1,'Tenemos tu Dinerillo', 'Argentina', 'Hernandaria 789'); nested exception is org.h2.jdbc.JdbcSQLException: Error de Sintaxis en sentencia SQL "INSERT INTO BANCO(ID_BANCO, NOMBRE, PAIS, DOMICILIO) VALUE[*](1,'Tenemos tu Dinerillo', 'Argentina', 'Hernandaria 789') "; se esperaba "DIRECT, SORTED, DEFAULT, VALUES, SET, (, WITH, SELECT, FROM"
Syntax error in SQL statement "INSERT INTO BANCO(ID_BANCO, NOMBRE, PAIS, DOMICILIO) VALUE[*](1,'Tenemos tu Dinerillo', 'Argentina', 'Hernandaria 789') "; expected "DIRECT, SORTED, DEFAULT, VALUES, SET, (, WITH, SELECT, FROM"; SQL statement:
INSERT INTO Banco(id_banco, nombre, pais, domicilio) VALUE(1,'Tenemos tu Dinerillo', 'Argentina', 'Hernandaria 789') [42001-197]
	at org.springframework.beans.factory.support.AbstractAutowireCapableBeanFactory.initializeBean(AbstractAutowireCapableBeanFactory.java:1699) ~[spring-beans-5.0.9.RELEASE.jar:5.0.9.RELEASE]
	at org.springframework.beans.factory.support.AbstractAutowireCapableBeanFactory.doCreateBean(AbstractAutowireCapableBeanFactory.java:573) ~[spring-beans-5.0.9.RELEASE.jar:5.0.9.RELEASE]
	at org.springframework.beans.factory.support.AbstractAutowireCapableBeanFactory.createBean(AbstractAutowireCapableBeanFactory.java:495) ~[spring-beans-5.0.9.RELEASE.jar:5.0.9.RELEASE]
	at org.springframework.beans.factory.support.AbstractBeanFactory.lambda$doGetBean$0(AbstractBeanFactory.java:317) ~[spring-beans-5.0.9.RELEASE.jar:5.0.9.RELEASE]
	at org.springframework.beans.factory.support.DefaultSingletonBeanRegistry.getSingleton(DefaultSingletonBeanRegistry.java:222) ~[spring-beans-5.0.9.RELEASE.jar:5.0.9.RELEASE]
	at org.springframework.beans.factory.support.AbstractBeanFactory.doGetBean(AbstractBeanFactory.java:315) ~[spring-beans-5.0.9.RELEASE.jar:5.0.9.RELEASE]
	at org.springframework.beans.factory.support.AbstractBeanFactory.getBean(AbstractBeanFactory.java:224) ~[spring-beans-5.0.9.RELEASE.jar:5.0.9.RELEASE]
	at org.springframework.beans.factory.support.DefaultListableBeanFactory.resolveNamedBean(DefaultListableBeanFactory.java:1012) ~[spring-beans-5.0.9.RELEASE.jar:5.0.9.RELEASE]
	at org.springframework.beans.factory.support.DefaultListableBeanFactory.getBean(DefaultListableBeanFactory.java:338) ~[spring-beans-5.0.9.RELEASE.jar:5.0.9.RELEASE]
	at org.springframework.beans.factory.support.DefaultListableBeanFactory.getBean(DefaultListableBeanFactory.java:333) ~[spring-beans-5.0.9.RELEASE.jar:5.0.9.RELEASE]
	at org.springframework.boot.autoconfigure.jdbc.DataSourceInitializerPostProcessor.postProcessAfterInitialization(DataSourceInitializerPostProcessor.java:55) ~[spring-boot-autoconfigure-2.0.5.RELEASE.jar:2.0.5.RELEASE]
	at org.springframework.beans.factory.support.AbstractAutowireCapableBeanFactory.applyBeanPostProcessorsAfterInitialization(AbstractAutowireCapableBeanFactory.java:431) ~[spring-beans-5.0.9.RELEASE.jar:5.0.9.RELEASE]
	at org.springframework.beans.factory.support.AbstractAutowireCapableBeanFactory.initializeBean(AbstractAutowireCapableBeanFactory.java:1703) ~[spring-beans-5.0.9.RELEASE.jar:5.0.9.RELEASE]
	at org.springframework.beans.factory.support.AbstractAutowireCapableBeanFactory.doCreateBean(AbstractAutowireCapableBeanFactory.java:573) ~[spring-beans-5.0.9.RELEASE.jar:5.0.9.RELEASE]
	... 57 common frames omitted
Caused by: org.springframework.jdbc.datasource.init.ScriptStatementFailedException: Failed to execute SQL script statement #1 of URL [file:/D:/Programacion/JAVA/Informatorio/Tp6/banco/banco/target/classes/data.sql]: INSERT INTO Banco(id_banco, nombre, pais, domicilio) VALUE(1,'Tenemos tu Dinerillo', 'Argentina', 'Hernandaria 789'); nested exception is org.h2.jdbc.JdbcSQLException: Error de Sintaxis en sentencia SQL "INSERT INTO BANCO(ID_BANCO, NOMBRE, PAIS, DOMICILIO) VALUE[*](1,'Tenemos tu Dinerillo', 'Argentina', 'Hernandaria 789') "; se esperaba "DIRECT, SORTED, DEFAULT, VALUES, SET, (, WITH, SELECT, FROM"
Syntax error in SQL statement "INSERT INTO BANCO(ID_BANCO, NOMBRE, PAIS, DOMICILIO) VALUE[*](1,'Tenemos tu Dinerillo', 'Argentina', 'Hernandaria 789') "; expected "DIRECT, SORTED, DEFAULT, VALUES, SET, (, WITH, SELECT, FROM"; SQL statement:
INSERT INTO Banco(id_banco, nombre, pais, domicilio) VALUE(1,'Tenemos tu Dinerillo', 'Argentina', 'Hernandaria 789') [42001-197]
	at org.springframework.jdbc.datasource.init.ScriptUtils.executeSqlScript(ScriptUtils.java:494) ~[spring-jdbc-5.0.9.RELEASE.jar:5.0.9.RELEASE]
	at org.springframework.jdbc.datasource.init.ResourceDatabasePopulator.populate(ResourceDatabasePopulator.java:240) ~[spring-jdbc-5.0.9.RELEASE.jar:5.0.9.RELEASE]
	at org.springframework.jdbc.datasource.init.DatabasePopulatorUtils.execute(DatabasePopulatorUtils.java:48) ~[spring-jdbc-5.0.9.RELEASE.jar:5.0.9.RELEASE]
	at org.springframework.boot.autoconfigure.jdbc.DataSourceInitializer.runScripts(DataSourceInitializer.java:210) ~[spring-boot-autoconfigure-2.0.5.RELEASE.jar:2.0.5.RELEASE]
	at org.springframework.boot.autoconfigure.jdbc.DataSourceInitializer.initSchema(DataSourceInitializer.java:123) ~[spring-boot-autoconfigure-2.0.5.RELEASE.jar:2.0.5.RELEASE]
	at org.springframework.boot.autoconfigure.jdbc.DataSourceInitializerInvoker.onApplicationEvent(DataSourceInitializerInvoker.java:93) ~[spring-boot-autoconfigure-2.0.5.RELEASE.jar:2.0.5.RELEASE]
	at org.springframework.boot.autoconfigure.jdbc.DataSourceInitializerInvoker.onApplicationEvent(DataSourceInitializerInvoker.java:37) ~[spring-boot-autoconfigure-2.0.5.RELEASE.jar:2.0.5.RELEASE]
	at org.springframework.context.event.SimpleApplicationEventMulticaster.doInvokeListener(SimpleApplicationEventMulticaster.java:172) ~[spring-context-5.0.9.RELEASE.jar:5.0.9.RELEASE]
	at org.springframework.context.event.SimpleApplicationEventMulticaster.invokeListener(SimpleApplicationEventMulticaster.java:165) ~[spring-context-5.0.9.RELEASE.jar:5.0.9.RELEASE]
	at org.springframework.context.event.SimpleApplicationEventMulticaster.multicastEvent(SimpleApplicationEventMulticaster.java:139) ~[spring-context-5.0.9.RELEASE.jar:5.0.9.RELEASE]
	at org.springframework.context.support.AbstractApplicationContext.publishEvent(AbstractApplicationContext.java:400) ~[spring-context-5.0.9.RELEASE.jar:5.0.9.RELEASE]
	at org.springframework.context.support.AbstractApplicationContext.publishEvent(AbstractApplicationContext.java:354) ~[spring-context-5.0.9.RELEASE.jar:5.0.9.RELEASE]
	at org.springframework.boot.autoconfigure.jdbc.DataSourceInitializerInvoker.initialize(DataSourceInitializerInvoker.java:73) ~[spring-boot-autoconfigure-2.0.5.RELEASE.jar:2.0.5.RELEASE]
	at org.springframework.boot.autoconfigure.jdbc.DataSourceInitializerInvoker.afterPropertiesSet(DataSourceInitializerInvoker.java:66) ~[spring-boot-autoconfigure-2.0.5.RELEASE.jar:2.0.5.RELEASE]
	at org.springframework.beans.factory.support.AbstractAutowireCapableBeanFactory.invokeInitMethods(AbstractAutowireCapableBeanFactory.java:1758) ~[spring-beans-5.0.9.RELEASE.jar:5.0.9.RELEASE]
	at org.springframework.beans.factory.support.AbstractAutowireCapableBeanFactory.initializeBean(AbstractAutowireCapableBeanFactory.java:1695) ~[spring-beans-5.0.9.RELEASE.jar:5.0.9.RELEASE]
	... 70 common frames omitted
Caused by: org.h2.jdbc.JdbcSQLException: Error de Sintaxis en sentencia SQL "INSERT INTO BANCO(ID_BANCO, NOMBRE, PAIS, DOMICILIO) VALUE[*](1,'Tenemos tu Dinerillo', 'Argentina', 'Hernandaria 789') "; se esperaba "DIRECT, SORTED, DEFAULT, VALUES, SET, (, WITH, SELECT, FROM"
Syntax error in SQL statement "INSERT INTO BANCO(ID_BANCO, NOMBRE, PAIS, DOMICILIO) VALUE[*](1,'Tenemos tu Dinerillo', 'Argentina', 'Hernandaria 789') "; expected "DIRECT, SORTED, DEFAULT, VALUES, SET, (, WITH, SELECT, FROM"; SQL statement:
INSERT INTO Banco(id_banco, nombre, pais, domicilio) VALUE(1,'Tenemos tu Dinerillo', 'Argentina', 'Hernandaria 789') [42001-197]
	at org.h2.message.DbException.getJdbcSQLException(DbException.java:357) ~[h2-1.4.197.jar:1.4.197]
	at org.h2.message.DbException.getSyntaxError(DbException.java:217) ~[h2-1.4.197.jar:1.4.197]
	at org.h2.command.Parser.getSyntaxError(Parser.java:555) ~[h2-1.4.197.jar:1.4.197]
	at org.h2.command.Parser.parseSelectSimple(Parser.java:2265) ~[h2-1.4.197.jar:1.4.197]
	at org.h2.command.Parser.parseSelectSub(Parser.java:2133) ~[h2-1.4.197.jar:1.4.197]
	at org.h2.command.Parser.parseSelectUnion(Parser.java:1946) ~[h2-1.4.197.jar:1.4.197]
	at org.h2.command.Parser.parseSelect(Parser.java:1919) ~[h2-1.4.197.jar:1.4.197]
	at org.h2.command.Parser.parseInsertGivenTable(Parser.java:1307) ~[h2-1.4.197.jar:1.4.197]
	at org.h2.command.Parser.parseInsert(Parser.java:1222) ~[h2-1.4.197.jar:1.4.197]
	at org.h2.command.Parser.parsePrepared(Parser.java:431) ~[h2-1.4.197.jar:1.4.197]
	at org.h2.command.Parser.parse(Parser.java:335) ~[h2-1.4.197.jar:1.4.197]
	at org.h2.command.Parser.parse(Parser.java:311) ~[h2-1.4.197.jar:1.4.197]
	at org.h2.command.Parser.prepareCommand(Parser.java:278) ~[h2-1.4.197.jar:1.4.197]
	at org.h2.engine.Session.prepareLocal(Session.java:611) ~[h2-1.4.197.jar:1.4.197]
	at org.h2.engine.Session.prepareCommand(Session.java:549) ~[h2-1.4.197.jar:1.4.197]
	at org.h2.jdbc.JdbcConnection.prepareCommand(JdbcConnection.java:1247) ~[h2-1.4.197.jar:1.4.197]
	at org.h2.jdbc.JdbcStatement.executeInternal(JdbcStatement.java:217) ~[h2-1.4.197.jar:1.4.197]
	at org.h2.jdbc.JdbcStatement.execute(JdbcStatement.java:205) ~[h2-1.4.197.jar:1.4.197]
	at com.zaxxer.hikari.pool.ProxyStatement.execute(ProxyStatement.java:95) ~[HikariCP-2.7.9.jar:na]
	at com.zaxxer.hikari.pool.HikariProxyStatement.execute(HikariProxyStatement.java) ~[HikariCP-2.7.9.jar:na]
	at org.springframework.jdbc.datasource.init.ScriptUtils.executeSqlScript(ScriptUtils.java:473) ~[spring-jdbc-5.0.9.RELEASE.jar:5.0.9.RELEASE]
	... 85 common frames omitted

]]></system-out>
  </testcase>
</testsuite>